<?xml version="1.0" encoding="UTF-8"?>
<!-- Generated by org.testng.reporters.JUnitXMLReporter -->
<testsuite ignored="0" hostname="Admins-MacBook-Pro.local" failures="24" tests="134" name="AppOrdering" time="372.991" errors="0" timestamp="2022-12-01T12:30:18 IST">
  <testcase classname="pages.BaseClass" name="sampleTest" time="0.005"/>
  <testcase classname="pages.CheckoutWithPeriodicService" name="addPeriodicService" time="31.368">
    <skipped/>
  </testcase> <!-- addPeriodicService -->
  <testcase classname="pages.CheckoutWithPeriodicService" name="addPeriodicService" time="0.232">
    <skipped/>
  </testcase> <!-- addPeriodicService -->
  <testcase classname="pages.CheckoutWithPeriodicService" name="addPeriodicService" time="0.266">
    <skipped/>
  </testcase> <!-- addPeriodicService -->
  <testcase classname="pages.CheckoutWithPeriodicService" name="addPeriodicService" time="0.234">
    <skipped/>
  </testcase> <!-- addPeriodicService -->
  <testcase classname="pages.CheckoutWithPeriodicService" name="addPeriodicService" time="0.232">
    <failure type="org.openqa.selenium.NoSuchElementException" message="An element could not be located on the page using the given search parameters.
For documentation on this error, please visit: https://selenium.dev/exceptions/#no_such_element
Build info: version: &amp;apos;4.6.0&amp;apos;, revision: &amp;apos;79f1c02ae20&amp;apos;
System info: os.name: &amp;apos;Mac OS X&amp;apos;, os.arch: &amp;apos;x86_64&amp;apos;, os.version: &amp;apos;13.0.1&amp;apos;, java.version: &amp;apos;11.0.16.1&amp;apos;
Driver info: io.appium.java_client.android.AndroidDriver
Command: [a70f7808-9ee1-45cc-9c40-473b18e109d1, findElement {using=id, value=gomechanic.retail:id/tvSelectYourCarOBF}]
Capabilities {appium:appActivity: gomechanic.retail.HomeActivity, appium:appPackage: gomechanic.retail, appium:autoGrantPermissions: true, appium:automationName: Appium, appium:connectHardwareKeyboard: true, appium:databaseEnabled: false, appium:desired: {appActivity: gomechanic.retail.HomeActivity, appPackage: gomechanic.retail, autoGrantPermissions: true, automationName: Appium, connectHardwareKeyboard: true, deviceName: Redmi 9A, newCommandTimeout: 3600, noReset: false, platformName: android, platformVersion: 10 QP1A.190711.020, udid: PV4HBUTG5XYXYPMN}, appium:deviceApiLevel: 29, appium:deviceManufacturer: Xiaomi, appium:deviceModel: M2006C3LI, appium:deviceName: PV4HBUTG5XYXYPMN, appium:deviceScreenDensity: 320, appium:deviceScreenSize: 720x1600, appium:deviceUDID: PV4HBUTG5XYXYPMN, appium:javascriptEnabled: true, appium:locationContextEnabled: false, appium:networkConnectionEnabled: true, appium:newCommandTimeout: 3600, appium:noReset: false, appium:pixelRatio: 2, appium:platformVersion: 10, appium:statBarHeight: 55, appium:takesScreenshot: true, appium:udid: PV4HBUTG5XYXYPMN, appium:viewportRect: {height: 1394, left: 0, top: 55, width: 720}, appium:warnings: {}, appium:webStorageEnabled: false, platformName: ANDROID}
Session ID: a70f7808-9ee1-45cc-9c40-473b18e109d1">
      <![CDATA[org.openqa.selenium.NoSuchElementException: An element could not be located on the page using the given search parameters.
For documentation on this error, please visit: https://selenium.dev/exceptions/#no_such_element
Build info: version: '4.6.0', revision: '79f1c02ae20'
System info: os.name: 'Mac OS X', os.arch: 'x86_64', os.version: '13.0.1', java.version: '11.0.16.1'
Driver info: io.appium.java_client.android.AndroidDriver
Command: [a70f7808-9ee1-45cc-9c40-473b18e109d1, findElement {using=id, value=gomechanic.retail:id/tvSelectYourCarOBF}]
Capabilities {appium:appActivity: gomechanic.retail.HomeActivity, appium:appPackage: gomechanic.retail, appium:autoGrantPermissions: true, appium:automationName: Appium, appium:connectHardwareKeyboard: true, appium:databaseEnabled: false, appium:desired: {appActivity: gomechanic.retail.HomeActivity, appPackage: gomechanic.retail, autoGrantPermissions: true, automationName: Appium, connectHardwareKeyboard: true, deviceName: Redmi 9A, newCommandTimeout: 3600, noReset: false, platformName: android, platformVersion: 10 QP1A.190711.020, udid: PV4HBUTG5XYXYPMN}, appium:deviceApiLevel: 29, appium:deviceManufacturer: Xiaomi, appium:deviceModel: M2006C3LI, appium:deviceName: PV4HBUTG5XYXYPMN, appium:deviceScreenDensity: 320, appium:deviceScreenSize: 720x1600, appium:deviceUDID: PV4HBUTG5XYXYPMN, appium:javascriptEnabled: true, appium:locationContextEnabled: false, appium:networkConnectionEnabled: true, appium:newCommandTimeout: 3600, appium:noReset: false, appium:pixelRatio: 2, appium:platformVersion: 10, appium:statBarHeight: 55, appium:takesScreenshot: true, appium:udid: PV4HBUTG5XYXYPMN, appium:viewportRect: {height: 1394, left: 0, top: 55, width: 720}, appium:warnings: {}, appium:webStorageEnabled: false, platformName: ANDROID}
Session ID: a70f7808-9ee1-45cc-9c40-473b18e109d1
at org.openqa.selenium.remote.codec.w3c.W3CHttpResponseCodec.createException(W3CHttpResponseCodec.java:200)
at org.openqa.selenium.remote.codec.w3c.W3CHttpResponseCodec.decode(W3CHttpResponseCodec.java:133)
at org.openqa.selenium.remote.codec.w3c.W3CHttpResponseCodec.decode(W3CHttpResponseCodec.java:53)
at org.openqa.selenium.remote.HttpCommandExecutor.execute(HttpCommandExecutor.java:184)
at io.appium.java_client.remote.AppiumCommandExecutor.execute(AppiumCommandExecutor.java:189)
at org.openqa.selenium.remote.RemoteWebDriver.execute(RemoteWebDriver.java:541)
at org.openqa.selenium.remote.ElementLocation$ElementFinder$2.findElement(ElementLocation.java:162)
at org.openqa.selenium.remote.ElementLocation.findElement(ElementLocation.java:60)
at org.openqa.selenium.remote.RemoteWebDriver.findElement(RemoteWebDriver.java:365)
at org.openqa.selenium.remote.RemoteWebDriver.findElement(RemoteWebDriver.java:357)
at pages.SelectCarNoLogin.clickSelectCarButton(SelectCarNoLogin.java:21)
at pages.CheckoutWithPeriodicService.addPeriodicService(CheckoutWithPeriodicService.java:20)
at java.base/java.util.ArrayList.forEach(ArrayList.java:1541)
... Removed 31 stack frames]]>
    </failure>
  </testcase> <!-- addPeriodicService -->
  <testcase classname="pages.CheckoutWithPeriodicService" name="checkoutwithoutaddon" time="0.462">
    <skipped/>
  </testcase> <!-- checkoutwithoutaddon -->
  <testcase classname="pages.CheckoutWithPeriodicService" name="checkoutwithoutaddon" time="0.435">
    <skipped/>
  </testcase> <!-- checkoutwithoutaddon -->
  <testcase classname="pages.CheckoutWithPeriodicService" name="checkoutwithoutaddon" time="0.401">
    <skipped/>
  </testcase> <!-- checkoutwithoutaddon -->
  <testcase classname="pages.CheckoutWithPeriodicService" name="checkoutwithoutaddon" time="1.577">
    <skipped/>
  </testcase> <!-- checkoutwithoutaddon -->
  <testcase classname="pages.CheckoutWithPeriodicService" name="checkoutwithoutaddon" time="1.202">
    <failure type="org.openqa.selenium.NoSuchElementException" message="An element could not be located on the page using the given search parameters.
For documentation on this error, please visit: https://selenium.dev/exceptions/#no_such_element
Build info: version: &amp;apos;4.6.0&amp;apos;, revision: &amp;apos;79f1c02ae20&amp;apos;
System info: os.name: &amp;apos;Mac OS X&amp;apos;, os.arch: &amp;apos;x86_64&amp;apos;, os.version: &amp;apos;13.0.1&amp;apos;, java.version: &amp;apos;11.0.16.1&amp;apos;
Driver info: io.appium.java_client.android.AndroidDriver
Command: [a70f7808-9ee1-45cc-9c40-473b18e109d1, findElement {using=xpath, value=//android.widget.TextView[@text=&amp;apos;ADD TO CART&amp;apos;]}]
Capabilities {appium:appActivity: gomechanic.retail.HomeActivity, appium:appPackage: gomechanic.retail, appium:autoGrantPermissions: true, appium:automationName: Appium, appium:connectHardwareKeyboard: true, appium:databaseEnabled: false, appium:desired: {appActivity: gomechanic.retail.HomeActivity, appPackage: gomechanic.retail, autoGrantPermissions: true, automationName: Appium, connectHardwareKeyboard: true, deviceName: Redmi 9A, newCommandTimeout: 3600, noReset: false, platformName: android, platformVersion: 10 QP1A.190711.020, udid: PV4HBUTG5XYXYPMN}, appium:deviceApiLevel: 29, appium:deviceManufacturer: Xiaomi, appium:deviceModel: M2006C3LI, appium:deviceName: PV4HBUTG5XYXYPMN, appium:deviceScreenDensity: 320, appium:deviceScreenSize: 720x1600, appium:deviceUDID: PV4HBUTG5XYXYPMN, appium:javascriptEnabled: true, appium:locationContextEnabled: false, appium:networkConnectionEnabled: true, appium:newCommandTimeout: 3600, appium:noReset: false, appium:pixelRatio: 2, appium:platformVersion: 10, appium:statBarHeight: 55, appium:takesScreenshot: true, appium:udid: PV4HBUTG5XYXYPMN, appium:viewportRect: {height: 1394, left: 0, top: 55, width: 720}, appium:warnings: {}, appium:webStorageEnabled: false, platformName: ANDROID}
Session ID: a70f7808-9ee1-45cc-9c40-473b18e109d1">
      <![CDATA[org.openqa.selenium.NoSuchElementException: An element could not be located on the page using the given search parameters.
For documentation on this error, please visit: https://selenium.dev/exceptions/#no_such_element
Build info: version: '4.6.0', revision: '79f1c02ae20'
System info: os.name: 'Mac OS X', os.arch: 'x86_64', os.version: '13.0.1', java.version: '11.0.16.1'
Driver info: io.appium.java_client.android.AndroidDriver
Command: [a70f7808-9ee1-45cc-9c40-473b18e109d1, findElement {using=xpath, value=//android.widget.TextView[@text='ADD TO CART']}]
Capabilities {appium:appActivity: gomechanic.retail.HomeActivity, appium:appPackage: gomechanic.retail, appium:autoGrantPermissions: true, appium:automationName: Appium, appium:connectHardwareKeyboard: true, appium:databaseEnabled: false, appium:desired: {appActivity: gomechanic.retail.HomeActivity, appPackage: gomechanic.retail, autoGrantPermissions: true, automationName: Appium, connectHardwareKeyboard: true, deviceName: Redmi 9A, newCommandTimeout: 3600, noReset: false, platformName: android, platformVersion: 10 QP1A.190711.020, udid: PV4HBUTG5XYXYPMN}, appium:deviceApiLevel: 29, appium:deviceManufacturer: Xiaomi, appium:deviceModel: M2006C3LI, appium:deviceName: PV4HBUTG5XYXYPMN, appium:deviceScreenDensity: 320, appium:deviceScreenSize: 720x1600, appium:deviceUDID: PV4HBUTG5XYXYPMN, appium:javascriptEnabled: true, appium:locationContextEnabled: false, appium:networkConnectionEnabled: true, appium:newCommandTimeout: 3600, appium:noReset: false, appium:pixelRatio: 2, appium:platformVersion: 10, appium:statBarHeight: 55, appium:takesScreenshot: true, appium:udid: PV4HBUTG5XYXYPMN, appium:viewportRect: {height: 1394, left: 0, top: 55, width: 720}, appium:warnings: {}, appium:webStorageEnabled: false, platformName: ANDROID}
Session ID: a70f7808-9ee1-45cc-9c40-473b18e109d1
at org.openqa.selenium.remote.codec.w3c.W3CHttpResponseCodec.createException(W3CHttpResponseCodec.java:200)
at org.openqa.selenium.remote.codec.w3c.W3CHttpResponseCodec.decode(W3CHttpResponseCodec.java:133)
at org.openqa.selenium.remote.codec.w3c.W3CHttpResponseCodec.decode(W3CHttpResponseCodec.java:53)
at org.openqa.selenium.remote.HttpCommandExecutor.execute(HttpCommandExecutor.java:184)
at io.appium.java_client.remote.AppiumCommandExecutor.execute(AppiumCommandExecutor.java:189)
at org.openqa.selenium.remote.RemoteWebDriver.execute(RemoteWebDriver.java:541)
at org.openqa.selenium.remote.ElementLocation$ElementFinder$2.findElement(ElementLocation.java:162)
at org.openqa.selenium.remote.ElementLocation.findElement(ElementLocation.java:60)
at org.openqa.selenium.remote.RemoteWebDriver.findElement(RemoteWebDriver.java:365)
at org.openqa.selenium.remote.RemoteWebDriver.findElement(RemoteWebDriver.java:357)
at pages.CheckoutWithPeriodicService.checkoutwithoutaddon(CheckoutWithPeriodicService.java:44)
at java.base/java.util.ArrayList.forEach(ArrayList.java:1541)
... Removed 31 stack frames]]>
    </failure>
  </testcase> <!-- checkoutwithoutaddon -->
  <testcase classname="pages.CheckoutWithPeriodicService" name="checkout" time="0.651">
    <skipped/>
  </testcase> <!-- checkout -->
  <testcase classname="pages.CheckoutWithPeriodicService" name="checkout" time="0.558">
    <skipped/>
  </testcase> <!-- checkout -->
  <testcase classname="pages.CheckoutWithPeriodicService" name="checkout" time="0.591">
    <skipped/>
  </testcase> <!-- checkout -->
  <testcase classname="pages.CheckoutWithPeriodicService" name="checkout" time="0.505">
    <skipped/>
  </testcase> <!-- checkout -->
  <testcase classname="pages.CheckoutWithPeriodicService" name="checkout" time="0.568">
    <failure type="org.openqa.selenium.NoSuchElementException" message="An element could not be located on the page using the given search parameters.
For documentation on this error, please visit: https://selenium.dev/exceptions/#no_such_element
Build info: version: &amp;apos;4.6.0&amp;apos;, revision: &amp;apos;79f1c02ae20&amp;apos;
System info: os.name: &amp;apos;Mac OS X&amp;apos;, os.arch: &amp;apos;x86_64&amp;apos;, os.version: &amp;apos;13.0.1&amp;apos;, java.version: &amp;apos;11.0.16.1&amp;apos;
Driver info: io.appium.java_client.android.AndroidDriver
Command: [a70f7808-9ee1-45cc-9c40-473b18e109d1, findElement {using=xpath, value=//android.widget.TextView[@text=&amp;apos;Proceed to Checkout&amp;apos;]}]
Capabilities {appium:appActivity: gomechanic.retail.HomeActivity, appium:appPackage: gomechanic.retail, appium:autoGrantPermissions: true, appium:automationName: Appium, appium:connectHardwareKeyboard: true, appium:databaseEnabled: false, appium:desired: {appActivity: gomechanic.retail.HomeActivity, appPackage: gomechanic.retail, autoGrantPermissions: true, automationName: Appium, connectHardwareKeyboard: true, deviceName: Redmi 9A, newCommandTimeout: 3600, noReset: false, platformName: android, platformVersion: 10 QP1A.190711.020, udid: PV4HBUTG5XYXYPMN}, appium:deviceApiLevel: 29, appium:deviceManufacturer: Xiaomi, appium:deviceModel: M2006C3LI, appium:deviceName: PV4HBUTG5XYXYPMN, appium:deviceScreenDensity: 320, appium:deviceScreenSize: 720x1600, appium:deviceUDID: PV4HBUTG5XYXYPMN, appium:javascriptEnabled: true, appium:locationContextEnabled: false, appium:networkConnectionEnabled: true, appium:newCommandTimeout: 3600, appium:noReset: false, appium:pixelRatio: 2, appium:platformVersion: 10, appium:statBarHeight: 55, appium:takesScreenshot: true, appium:udid: PV4HBUTG5XYXYPMN, appium:viewportRect: {height: 1394, left: 0, top: 55, width: 720}, appium:warnings: {}, appium:webStorageEnabled: false, platformName: ANDROID}
Session ID: a70f7808-9ee1-45cc-9c40-473b18e109d1">
      <![CDATA[org.openqa.selenium.NoSuchElementException: An element could not be located on the page using the given search parameters.
For documentation on this error, please visit: https://selenium.dev/exceptions/#no_such_element
Build info: version: '4.6.0', revision: '79f1c02ae20'
System info: os.name: 'Mac OS X', os.arch: 'x86_64', os.version: '13.0.1', java.version: '11.0.16.1'
Driver info: io.appium.java_client.android.AndroidDriver
Command: [a70f7808-9ee1-45cc-9c40-473b18e109d1, findElement {using=xpath, value=//android.widget.TextView[@text='Proceed to Checkout']}]
Capabilities {appium:appActivity: gomechanic.retail.HomeActivity, appium:appPackage: gomechanic.retail, appium:autoGrantPermissions: true, appium:automationName: Appium, appium:connectHardwareKeyboard: true, appium:databaseEnabled: false, appium:desired: {appActivity: gomechanic.retail.HomeActivity, appPackage: gomechanic.retail, autoGrantPermissions: true, automationName: Appium, connectHardwareKeyboard: true, deviceName: Redmi 9A, newCommandTimeout: 3600, noReset: false, platformName: android, platformVersion: 10 QP1A.190711.020, udid: PV4HBUTG5XYXYPMN}, appium:deviceApiLevel: 29, appium:deviceManufacturer: Xiaomi, appium:deviceModel: M2006C3LI, appium:deviceName: PV4HBUTG5XYXYPMN, appium:deviceScreenDensity: 320, appium:deviceScreenSize: 720x1600, appium:deviceUDID: PV4HBUTG5XYXYPMN, appium:javascriptEnabled: true, appium:locationContextEnabled: false, appium:networkConnectionEnabled: true, appium:newCommandTimeout: 3600, appium:noReset: false, appium:pixelRatio: 2, appium:platformVersion: 10, appium:statBarHeight: 55, appium:takesScreenshot: true, appium:udid: PV4HBUTG5XYXYPMN, appium:viewportRect: {height: 1394, left: 0, top: 55, width: 720}, appium:warnings: {}, appium:webStorageEnabled: false, platformName: ANDROID}
Session ID: a70f7808-9ee1-45cc-9c40-473b18e109d1
at org.openqa.selenium.remote.codec.w3c.W3CHttpResponseCodec.createException(W3CHttpResponseCodec.java:200)
at org.openqa.selenium.remote.codec.w3c.W3CHttpResponseCodec.decode(W3CHttpResponseCodec.java:133)
at org.openqa.selenium.remote.codec.w3c.W3CHttpResponseCodec.decode(W3CHttpResponseCodec.java:53)
at org.openqa.selenium.remote.HttpCommandExecutor.execute(HttpCommandExecutor.java:184)
at io.appium.java_client.remote.AppiumCommandExecutor.execute(AppiumCommandExecutor.java:189)
at org.openqa.selenium.remote.RemoteWebDriver.execute(RemoteWebDriver.java:541)
at org.openqa.selenium.remote.ElementLocation$ElementFinder$2.findElement(ElementLocation.java:162)
at org.openqa.selenium.remote.ElementLocation.findElement(ElementLocation.java:60)
at org.openqa.selenium.remote.RemoteWebDriver.findElement(RemoteWebDriver.java:365)
at org.openqa.selenium.remote.RemoteWebDriver.findElement(RemoteWebDriver.java:357)
at pages.CheckoutWithPeriodicService.checkout(CheckoutWithPeriodicService.java:75)
at java.base/java.util.ArrayList.forEach(ArrayList.java:1541)
... Removed 31 stack frames]]>
    </failure>
  </testcase> <!-- checkout -->
  <testcase classname="pages.CheckoutWithPeriodicService" name="loginWithTrueCaller" time="5.614">
    <skipped/>
  </testcase> <!-- loginWithTrueCaller -->
  <testcase classname="pages.CheckoutWithPeriodicService" name="loginWithTrueCaller" time="5.614">
    <skipped/>
  </testcase> <!-- loginWithTrueCaller -->
  <testcase classname="pages.CheckoutWithPeriodicService" name="loginWithTrueCaller" time="5.619">
    <skipped/>
  </testcase> <!-- loginWithTrueCaller -->
  <testcase classname="pages.CheckoutWithPeriodicService" name="loginWithTrueCaller" time="5.559">
    <skipped/>
  </testcase> <!-- loginWithTrueCaller -->
  <testcase classname="pages.CheckoutWithPeriodicService" name="loginWithTrueCaller" time="5.703">
    <failure type="org.openqa.selenium.NoSuchElementException" message="An element could not be located on the page using the given search parameters.
For documentation on this error, please visit: https://selenium.dev/exceptions/#no_such_element
Build info: version: &amp;apos;4.6.0&amp;apos;, revision: &amp;apos;79f1c02ae20&amp;apos;
System info: os.name: &amp;apos;Mac OS X&amp;apos;, os.arch: &amp;apos;x86_64&amp;apos;, os.version: &amp;apos;13.0.1&amp;apos;, java.version: &amp;apos;11.0.16.1&amp;apos;
Driver info: io.appium.java_client.android.AndroidDriver
Command: [a70f7808-9ee1-45cc-9c40-473b18e109d1, findElement {using=xpath, value=//android.widget.TextView[@text=&amp;apos;CONTINUE WITH 8800906221&amp;apos;]}]
Capabilities {appium:appActivity: gomechanic.retail.HomeActivity, appium:appPackage: gomechanic.retail, appium:autoGrantPermissions: true, appium:automationName: Appium, appium:connectHardwareKeyboard: true, appium:databaseEnabled: false, appium:desired: {appActivity: gomechanic.retail.HomeActivity, appPackage: gomechanic.retail, autoGrantPermissions: true, automationName: Appium, connectHardwareKeyboard: true, deviceName: Redmi 9A, newCommandTimeout: 3600, noReset: false, platformName: android, platformVersion: 10 QP1A.190711.020, udid: PV4HBUTG5XYXYPMN}, appium:deviceApiLevel: 29, appium:deviceManufacturer: Xiaomi, appium:deviceModel: M2006C3LI, appium:deviceName: PV4HBUTG5XYXYPMN, appium:deviceScreenDensity: 320, appium:deviceScreenSize: 720x1600, appium:deviceUDID: PV4HBUTG5XYXYPMN, appium:javascriptEnabled: true, appium:locationContextEnabled: false, appium:networkConnectionEnabled: true, appium:newCommandTimeout: 3600, appium:noReset: false, appium:pixelRatio: 2, appium:platformVersion: 10, appium:statBarHeight: 55, appium:takesScreenshot: true, appium:udid: PV4HBUTG5XYXYPMN, appium:viewportRect: {height: 1394, left: 0, top: 55, width: 720}, appium:warnings: {}, appium:webStorageEnabled: false, platformName: ANDROID}
Session ID: a70f7808-9ee1-45cc-9c40-473b18e109d1">
      <![CDATA[org.openqa.selenium.NoSuchElementException: An element could not be located on the page using the given search parameters.
For documentation on this error, please visit: https://selenium.dev/exceptions/#no_such_element
Build info: version: '4.6.0', revision: '79f1c02ae20'
System info: os.name: 'Mac OS X', os.arch: 'x86_64', os.version: '13.0.1', java.version: '11.0.16.1'
Driver info: io.appium.java_client.android.AndroidDriver
Command: [a70f7808-9ee1-45cc-9c40-473b18e109d1, findElement {using=xpath, value=//android.widget.TextView[@text='CONTINUE WITH 8800906221']}]
Capabilities {appium:appActivity: gomechanic.retail.HomeActivity, appium:appPackage: gomechanic.retail, appium:autoGrantPermissions: true, appium:automationName: Appium, appium:connectHardwareKeyboard: true, appium:databaseEnabled: false, appium:desired: {appActivity: gomechanic.retail.HomeActivity, appPackage: gomechanic.retail, autoGrantPermissions: true, automationName: Appium, connectHardwareKeyboard: true, deviceName: Redmi 9A, newCommandTimeout: 3600, noReset: false, platformName: android, platformVersion: 10 QP1A.190711.020, udid: PV4HBUTG5XYXYPMN}, appium:deviceApiLevel: 29, appium:deviceManufacturer: Xiaomi, appium:deviceModel: M2006C3LI, appium:deviceName: PV4HBUTG5XYXYPMN, appium:deviceScreenDensity: 320, appium:deviceScreenSize: 720x1600, appium:deviceUDID: PV4HBUTG5XYXYPMN, appium:javascriptEnabled: true, appium:locationContextEnabled: false, appium:networkConnectionEnabled: true, appium:newCommandTimeout: 3600, appium:noReset: false, appium:pixelRatio: 2, appium:platformVersion: 10, appium:statBarHeight: 55, appium:takesScreenshot: true, appium:udid: PV4HBUTG5XYXYPMN, appium:viewportRect: {height: 1394, left: 0, top: 55, width: 720}, appium:warnings: {}, appium:webStorageEnabled: false, platformName: ANDROID}
Session ID: a70f7808-9ee1-45cc-9c40-473b18e109d1
at org.openqa.selenium.remote.codec.w3c.W3CHttpResponseCodec.createException(W3CHttpResponseCodec.java:200)
at org.openqa.selenium.remote.codec.w3c.W3CHttpResponseCodec.decode(W3CHttpResponseCodec.java:133)
at org.openqa.selenium.remote.codec.w3c.W3CHttpResponseCodec.decode(W3CHttpResponseCodec.java:53)
at org.openqa.selenium.remote.HttpCommandExecutor.execute(HttpCommandExecutor.java:184)
at io.appium.java_client.remote.AppiumCommandExecutor.execute(AppiumCommandExecutor.java:189)
at org.openqa.selenium.remote.RemoteWebDriver.execute(RemoteWebDriver.java:541)
at org.openqa.selenium.remote.ElementLocation$ElementFinder$2.findElement(ElementLocation.java:162)
at org.openqa.selenium.remote.ElementLocation.findElement(ElementLocation.java:60)
at org.openqa.selenium.remote.RemoteWebDriver.findElement(RemoteWebDriver.java:365)
at org.openqa.selenium.remote.RemoteWebDriver.findElement(RemoteWebDriver.java:357)
at pages.CheckoutWithPeriodicService.loginWithTrueCaller(CheckoutWithPeriodicService.java:90)
at java.base/java.util.ArrayList.forEach(ArrayList.java:1541)
... Removed 30 stack frames]]>
    </failure>
  </testcase> <!-- loginWithTrueCaller -->
  <testcase classname="pages.CheckoutWithPeriodicService" name="verifyItemTotal" time="0.384">
    <skipped/>
  </testcase> <!-- verifyItemTotal -->
  <testcase classname="pages.CheckoutWithPeriodicService" name="verifyItemTotal" time="0.463">
    <skipped/>
  </testcase> <!-- verifyItemTotal -->
  <testcase classname="pages.CheckoutWithPeriodicService" name="verifyItemTotal" time="0.446">
    <skipped/>
  </testcase> <!-- verifyItemTotal -->
  <testcase classname="pages.CheckoutWithPeriodicService" name="verifyItemTotal" time="0.535">
    <skipped/>
  </testcase> <!-- verifyItemTotal -->
  <testcase classname="pages.CheckoutWithPeriodicService" name="verifyItemTotal" time="0.475">
    <failure type="org.openqa.selenium.NoSuchElementException" message="An element could not be located on the page using the given search parameters.
For documentation on this error, please visit: https://selenium.dev/exceptions/#no_such_element
Build info: version: &amp;apos;4.6.0&amp;apos;, revision: &amp;apos;79f1c02ae20&amp;apos;
System info: os.name: &amp;apos;Mac OS X&amp;apos;, os.arch: &amp;apos;x86_64&amp;apos;, os.version: &amp;apos;13.0.1&amp;apos;, java.version: &amp;apos;11.0.16.1&amp;apos;
Driver info: io.appium.java_client.android.AndroidDriver
Command: [a70f7808-9ee1-45cc-9c40-473b18e109d1, findElement {using=id, value=gomechanic.retail:id/tvTotalCartAmountCF}]
Capabilities {appium:appActivity: gomechanic.retail.HomeActivity, appium:appPackage: gomechanic.retail, appium:autoGrantPermissions: true, appium:automationName: Appium, appium:connectHardwareKeyboard: true, appium:databaseEnabled: false, appium:desired: {appActivity: gomechanic.retail.HomeActivity, appPackage: gomechanic.retail, autoGrantPermissions: true, automationName: Appium, connectHardwareKeyboard: true, deviceName: Redmi 9A, newCommandTimeout: 3600, noReset: false, platformName: android, platformVersion: 10 QP1A.190711.020, udid: PV4HBUTG5XYXYPMN}, appium:deviceApiLevel: 29, appium:deviceManufacturer: Xiaomi, appium:deviceModel: M2006C3LI, appium:deviceName: PV4HBUTG5XYXYPMN, appium:deviceScreenDensity: 320, appium:deviceScreenSize: 720x1600, appium:deviceUDID: PV4HBUTG5XYXYPMN, appium:javascriptEnabled: true, appium:locationContextEnabled: false, appium:networkConnectionEnabled: true, appium:newCommandTimeout: 3600, appium:noReset: false, appium:pixelRatio: 2, appium:platformVersion: 10, appium:statBarHeight: 55, appium:takesScreenshot: true, appium:udid: PV4HBUTG5XYXYPMN, appium:viewportRect: {height: 1394, left: 0, top: 55, width: 720}, appium:warnings: {}, appium:webStorageEnabled: false, platformName: ANDROID}
Session ID: a70f7808-9ee1-45cc-9c40-473b18e109d1">
      <![CDATA[org.openqa.selenium.NoSuchElementException: An element could not be located on the page using the given search parameters.
For documentation on this error, please visit: https://selenium.dev/exceptions/#no_such_element
Build info: version: '4.6.0', revision: '79f1c02ae20'
System info: os.name: 'Mac OS X', os.arch: 'x86_64', os.version: '13.0.1', java.version: '11.0.16.1'
Driver info: io.appium.java_client.android.AndroidDriver
Command: [a70f7808-9ee1-45cc-9c40-473b18e109d1, findElement {using=id, value=gomechanic.retail:id/tvTotalCartAmountCF}]
Capabilities {appium:appActivity: gomechanic.retail.HomeActivity, appium:appPackage: gomechanic.retail, appium:autoGrantPermissions: true, appium:automationName: Appium, appium:connectHardwareKeyboard: true, appium:databaseEnabled: false, appium:desired: {appActivity: gomechanic.retail.HomeActivity, appPackage: gomechanic.retail, autoGrantPermissions: true, automationName: Appium, connectHardwareKeyboard: true, deviceName: Redmi 9A, newCommandTimeout: 3600, noReset: false, platformName: android, platformVersion: 10 QP1A.190711.020, udid: PV4HBUTG5XYXYPMN}, appium:deviceApiLevel: 29, appium:deviceManufacturer: Xiaomi, appium:deviceModel: M2006C3LI, appium:deviceName: PV4HBUTG5XYXYPMN, appium:deviceScreenDensity: 320, appium:deviceScreenSize: 720x1600, appium:deviceUDID: PV4HBUTG5XYXYPMN, appium:javascriptEnabled: true, appium:locationContextEnabled: false, appium:networkConnectionEnabled: true, appium:newCommandTimeout: 3600, appium:noReset: false, appium:pixelRatio: 2, appium:platformVersion: 10, appium:statBarHeight: 55, appium:takesScreenshot: true, appium:udid: PV4HBUTG5XYXYPMN, appium:viewportRect: {height: 1394, left: 0, top: 55, width: 720}, appium:warnings: {}, appium:webStorageEnabled: false, platformName: ANDROID}
Session ID: a70f7808-9ee1-45cc-9c40-473b18e109d1
at org.openqa.selenium.remote.codec.w3c.W3CHttpResponseCodec.createException(W3CHttpResponseCodec.java:200)
at org.openqa.selenium.remote.codec.w3c.W3CHttpResponseCodec.decode(W3CHttpResponseCodec.java:133)
at org.openqa.selenium.remote.codec.w3c.W3CHttpResponseCodec.decode(W3CHttpResponseCodec.java:53)
at org.openqa.selenium.remote.HttpCommandExecutor.execute(HttpCommandExecutor.java:184)
at io.appium.java_client.remote.AppiumCommandExecutor.execute(AppiumCommandExecutor.java:189)
at org.openqa.selenium.remote.RemoteWebDriver.execute(RemoteWebDriver.java:541)
at org.openqa.selenium.remote.ElementLocation$ElementFinder$2.findElement(ElementLocation.java:162)
at org.openqa.selenium.remote.ElementLocation.findElement(ElementLocation.java:60)
at org.openqa.selenium.remote.RemoteWebDriver.findElement(RemoteWebDriver.java:365)
at org.openqa.selenium.remote.RemoteWebDriver.findElement(RemoteWebDriver.java:357)
at pages.CheckoutWithPeriodicService.verifyItemTotal(CheckoutWithPeriodicService.java:103)
at java.base/java.util.ArrayList.forEach(ArrayList.java:1541)
... Removed 30 stack frames]]>
    </failure>
  </testcase> <!-- verifyItemTotal -->
  <testcase classname="pages.CheckoutWithPeriodicService" name="applyCouponGoappMoney" time="0.467">
    <skipped/>
  </testcase> <!-- applyCouponGoappMoney -->
  <testcase classname="pages.CheckoutWithPeriodicService" name="applyCouponGoappMoney" time="0.474">
    <skipped/>
  </testcase> <!-- applyCouponGoappMoney -->
  <testcase classname="pages.CheckoutWithPeriodicService" name="applyCouponGoappMoney" time="0.465">
    <skipped/>
  </testcase> <!-- applyCouponGoappMoney -->
  <testcase classname="pages.CheckoutWithPeriodicService" name="applyCouponGoappMoney" time="0.462">
    <skipped/>
  </testcase> <!-- applyCouponGoappMoney -->
  <testcase classname="pages.CheckoutWithPeriodicService" name="applyCouponGoappMoney" time="0.393">
    <failure type="org.openqa.selenium.NoSuchElementException" message="An element could not be located on the page using the given search parameters.
For documentation on this error, please visit: https://selenium.dev/exceptions/#no_such_element
Build info: version: &amp;apos;4.6.0&amp;apos;, revision: &amp;apos;79f1c02ae20&amp;apos;
System info: os.name: &amp;apos;Mac OS X&amp;apos;, os.arch: &amp;apos;x86_64&amp;apos;, os.version: &amp;apos;13.0.1&amp;apos;, java.version: &amp;apos;11.0.16.1&amp;apos;
Driver info: io.appium.java_client.android.AndroidDriver
Command: [a70f7808-9ee1-45cc-9c40-473b18e109d1, findElement {using=id, value=gomechanic.retail:id/tvCoupon}]
Capabilities {appium:appActivity: gomechanic.retail.HomeActivity, appium:appPackage: gomechanic.retail, appium:autoGrantPermissions: true, appium:automationName: Appium, appium:connectHardwareKeyboard: true, appium:databaseEnabled: false, appium:desired: {appActivity: gomechanic.retail.HomeActivity, appPackage: gomechanic.retail, autoGrantPermissions: true, automationName: Appium, connectHardwareKeyboard: true, deviceName: Redmi 9A, newCommandTimeout: 3600, noReset: false, platformName: android, platformVersion: 10 QP1A.190711.020, udid: PV4HBUTG5XYXYPMN}, appium:deviceApiLevel: 29, appium:deviceManufacturer: Xiaomi, appium:deviceModel: M2006C3LI, appium:deviceName: PV4HBUTG5XYXYPMN, appium:deviceScreenDensity: 320, appium:deviceScreenSize: 720x1600, appium:deviceUDID: PV4HBUTG5XYXYPMN, appium:javascriptEnabled: true, appium:locationContextEnabled: false, appium:networkConnectionEnabled: true, appium:newCommandTimeout: 3600, appium:noReset: false, appium:pixelRatio: 2, appium:platformVersion: 10, appium:statBarHeight: 55, appium:takesScreenshot: true, appium:udid: PV4HBUTG5XYXYPMN, appium:viewportRect: {height: 1394, left: 0, top: 55, width: 720}, appium:warnings: {}, appium:webStorageEnabled: false, platformName: ANDROID}
Session ID: a70f7808-9ee1-45cc-9c40-473b18e109d1">
      <![CDATA[org.openqa.selenium.NoSuchElementException: An element could not be located on the page using the given search parameters.
For documentation on this error, please visit: https://selenium.dev/exceptions/#no_such_element
Build info: version: '4.6.0', revision: '79f1c02ae20'
System info: os.name: 'Mac OS X', os.arch: 'x86_64', os.version: '13.0.1', java.version: '11.0.16.1'
Driver info: io.appium.java_client.android.AndroidDriver
Command: [a70f7808-9ee1-45cc-9c40-473b18e109d1, findElement {using=id, value=gomechanic.retail:id/tvCoupon}]
Capabilities {appium:appActivity: gomechanic.retail.HomeActivity, appium:appPackage: gomechanic.retail, appium:autoGrantPermissions: true, appium:automationName: Appium, appium:connectHardwareKeyboard: true, appium:databaseEnabled: false, appium:desired: {appActivity: gomechanic.retail.HomeActivity, appPackage: gomechanic.retail, autoGrantPermissions: true, automationName: Appium, connectHardwareKeyboard: true, deviceName: Redmi 9A, newCommandTimeout: 3600, noReset: false, platformName: android, platformVersion: 10 QP1A.190711.020, udid: PV4HBUTG5XYXYPMN}, appium:deviceApiLevel: 29, appium:deviceManufacturer: Xiaomi, appium:deviceModel: M2006C3LI, appium:deviceName: PV4HBUTG5XYXYPMN, appium:deviceScreenDensity: 320, appium:deviceScreenSize: 720x1600, appium:deviceUDID: PV4HBUTG5XYXYPMN, appium:javascriptEnabled: true, appium:locationContextEnabled: false, appium:networkConnectionEnabled: true, appium:newCommandTimeout: 3600, appium:noReset: false, appium:pixelRatio: 2, appium:platformVersion: 10, appium:statBarHeight: 55, appium:takesScreenshot: true, appium:udid: PV4HBUTG5XYXYPMN, appium:viewportRect: {height: 1394, left: 0, top: 55, width: 720}, appium:warnings: {}, appium:webStorageEnabled: false, platformName: ANDROID}
Session ID: a70f7808-9ee1-45cc-9c40-473b18e109d1
at org.openqa.selenium.remote.codec.w3c.W3CHttpResponseCodec.createException(W3CHttpResponseCodec.java:200)
at org.openqa.selenium.remote.codec.w3c.W3CHttpResponseCodec.decode(W3CHttpResponseCodec.java:133)
at org.openqa.selenium.remote.codec.w3c.W3CHttpResponseCodec.decode(W3CHttpResponseCodec.java:53)
at org.openqa.selenium.remote.HttpCommandExecutor.execute(HttpCommandExecutor.java:184)
at io.appium.java_client.remote.AppiumCommandExecutor.execute(AppiumCommandExecutor.java:189)
at org.openqa.selenium.remote.RemoteWebDriver.execute(RemoteWebDriver.java:541)
at org.openqa.selenium.remote.ElementLocation$ElementFinder$2.findElement(ElementLocation.java:162)
at org.openqa.selenium.remote.ElementLocation.findElement(ElementLocation.java:60)
at org.openqa.selenium.remote.RemoteWebDriver.findElement(RemoteWebDriver.java:365)
at org.openqa.selenium.remote.RemoteWebDriver.findElement(RemoteWebDriver.java:357)
at pages.CheckoutWithPeriodicService.applyCouponGoappMoney(CheckoutWithPeriodicService.java:117)
at java.base/java.util.ArrayList.forEach(ArrayList.java:1541)
... Removed 30 stack frames]]>
    </failure>
  </testcase> <!-- applyCouponGoappMoney -->
  <testcase classname="pages.CheckoutWithPeriodicService" name="checkoutButton" time="0.731">
    <skipped/>
  </testcase> <!-- checkoutButton -->
  <testcase classname="pages.CheckoutWithPeriodicService" name="checkoutButton" time="0.719">
    <skipped/>
  </testcase> <!-- checkoutButton -->
  <testcase classname="pages.CheckoutWithPeriodicService" name="checkoutButton" time="0.561">
    <skipped/>
  </testcase> <!-- checkoutButton -->
  <testcase classname="pages.CheckoutWithPeriodicService" name="checkoutButton" time="0.644">
    <skipped/>
  </testcase> <!-- checkoutButton -->
  <testcase classname="pages.CheckoutWithPeriodicService" name="checkoutButton" time="0.639">
    <failure type="org.openqa.selenium.NoSuchElementException" message="An element could not be located on the page using the given search parameters.
For documentation on this error, please visit: https://selenium.dev/exceptions/#no_such_element
Build info: version: &amp;apos;4.6.0&amp;apos;, revision: &amp;apos;79f1c02ae20&amp;apos;
System info: os.name: &amp;apos;Mac OS X&amp;apos;, os.arch: &amp;apos;x86_64&amp;apos;, os.version: &amp;apos;13.0.1&amp;apos;, java.version: &amp;apos;11.0.16.1&amp;apos;
Driver info: io.appium.java_client.android.AndroidDriver
Command: [a70f7808-9ee1-45cc-9c40-473b18e109d1, findElement {using=xpath, value=//android.widget.TextView[@text=&amp;apos;CHECKOUT&amp;apos;]}]
Capabilities {appium:appActivity: gomechanic.retail.HomeActivity, appium:appPackage: gomechanic.retail, appium:autoGrantPermissions: true, appium:automationName: Appium, appium:connectHardwareKeyboard: true, appium:databaseEnabled: false, appium:desired: {appActivity: gomechanic.retail.HomeActivity, appPackage: gomechanic.retail, autoGrantPermissions: true, automationName: Appium, connectHardwareKeyboard: true, deviceName: Redmi 9A, newCommandTimeout: 3600, noReset: false, platformName: android, platformVersion: 10 QP1A.190711.020, udid: PV4HBUTG5XYXYPMN}, appium:deviceApiLevel: 29, appium:deviceManufacturer: Xiaomi, appium:deviceModel: M2006C3LI, appium:deviceName: PV4HBUTG5XYXYPMN, appium:deviceScreenDensity: 320, appium:deviceScreenSize: 720x1600, appium:deviceUDID: PV4HBUTG5XYXYPMN, appium:javascriptEnabled: true, appium:locationContextEnabled: false, appium:networkConnectionEnabled: true, appium:newCommandTimeout: 3600, appium:noReset: false, appium:pixelRatio: 2, appium:platformVersion: 10, appium:statBarHeight: 55, appium:takesScreenshot: true, appium:udid: PV4HBUTG5XYXYPMN, appium:viewportRect: {height: 1394, left: 0, top: 55, width: 720}, appium:warnings: {}, appium:webStorageEnabled: false, platformName: ANDROID}
Session ID: a70f7808-9ee1-45cc-9c40-473b18e109d1">
      <![CDATA[org.openqa.selenium.NoSuchElementException: An element could not be located on the page using the given search parameters.
For documentation on this error, please visit: https://selenium.dev/exceptions/#no_such_element
Build info: version: '4.6.0', revision: '79f1c02ae20'
System info: os.name: 'Mac OS X', os.arch: 'x86_64', os.version: '13.0.1', java.version: '11.0.16.1'
Driver info: io.appium.java_client.android.AndroidDriver
Command: [a70f7808-9ee1-45cc-9c40-473b18e109d1, findElement {using=xpath, value=//android.widget.TextView[@text='CHECKOUT']}]
Capabilities {appium:appActivity: gomechanic.retail.HomeActivity, appium:appPackage: gomechanic.retail, appium:autoGrantPermissions: true, appium:automationName: Appium, appium:connectHardwareKeyboard: true, appium:databaseEnabled: false, appium:desired: {appActivity: gomechanic.retail.HomeActivity, appPackage: gomechanic.retail, autoGrantPermissions: true, automationName: Appium, connectHardwareKeyboard: true, deviceName: Redmi 9A, newCommandTimeout: 3600, noReset: false, platformName: android, platformVersion: 10 QP1A.190711.020, udid: PV4HBUTG5XYXYPMN}, appium:deviceApiLevel: 29, appium:deviceManufacturer: Xiaomi, appium:deviceModel: M2006C3LI, appium:deviceName: PV4HBUTG5XYXYPMN, appium:deviceScreenDensity: 320, appium:deviceScreenSize: 720x1600, appium:deviceUDID: PV4HBUTG5XYXYPMN, appium:javascriptEnabled: true, appium:locationContextEnabled: false, appium:networkConnectionEnabled: true, appium:newCommandTimeout: 3600, appium:noReset: false, appium:pixelRatio: 2, appium:platformVersion: 10, appium:statBarHeight: 55, appium:takesScreenshot: true, appium:udid: PV4HBUTG5XYXYPMN, appium:viewportRect: {height: 1394, left: 0, top: 55, width: 720}, appium:warnings: {}, appium:webStorageEnabled: false, platformName: ANDROID}
Session ID: a70f7808-9ee1-45cc-9c40-473b18e109d1
at org.openqa.selenium.remote.codec.w3c.W3CHttpResponseCodec.createException(W3CHttpResponseCodec.java:200)
at org.openqa.selenium.remote.codec.w3c.W3CHttpResponseCodec.decode(W3CHttpResponseCodec.java:133)
at org.openqa.selenium.remote.codec.w3c.W3CHttpResponseCodec.decode(W3CHttpResponseCodec.java:53)
at org.openqa.selenium.remote.HttpCommandExecutor.execute(HttpCommandExecutor.java:184)
at io.appium.java_client.remote.AppiumCommandExecutor.execute(AppiumCommandExecutor.java:189)
at org.openqa.selenium.remote.RemoteWebDriver.execute(RemoteWebDriver.java:541)
at org.openqa.selenium.remote.ElementLocation$ElementFinder$2.findElement(ElementLocation.java:162)
at org.openqa.selenium.remote.ElementLocation.findElement(ElementLocation.java:60)
at org.openqa.selenium.remote.RemoteWebDriver.findElement(RemoteWebDriver.java:365)
at org.openqa.selenium.remote.RemoteWebDriver.findElement(RemoteWebDriver.java:357)
at pages.CheckoutWithPeriodicService.checkoutButton(CheckoutWithPeriodicService.java:150)
at java.base/java.util.ArrayList.forEach(ArrayList.java:1541)
... Removed 30 stack frames]]>
    </failure>
  </testcase> <!-- checkoutButton -->
  <testcase classname="pages.CheckoutWithPeriodicService" name="selectDateTime" time="0.499">
    <skipped/>
  </testcase> <!-- selectDateTime -->
  <testcase classname="pages.CheckoutWithPeriodicService" name="selectDateTime" time="0.447">
    <skipped/>
  </testcase> <!-- selectDateTime -->
  <testcase classname="pages.CheckoutWithPeriodicService" name="selectDateTime" time="0.535">
    <skipped/>
  </testcase> <!-- selectDateTime -->
  <testcase classname="pages.CheckoutWithPeriodicService" name="selectDateTime" time="0.466">
    <skipped/>
  </testcase> <!-- selectDateTime -->
  <testcase classname="pages.CheckoutWithPeriodicService" name="selectDateTime" time="0.44">
    <failure type="org.openqa.selenium.NoSuchElementException" message="An element could not be located on the page using the given search parameters.
For documentation on this error, please visit: https://selenium.dev/exceptions/#no_such_element
Build info: version: &amp;apos;4.6.0&amp;apos;, revision: &amp;apos;79f1c02ae20&amp;apos;
System info: os.name: &amp;apos;Mac OS X&amp;apos;, os.arch: &amp;apos;x86_64&amp;apos;, os.version: &amp;apos;13.0.1&amp;apos;, java.version: &amp;apos;11.0.16.1&amp;apos;
Driver info: io.appium.java_client.android.AndroidDriver
Command: [a70f7808-9ee1-45cc-9c40-473b18e109d1, findElement {using=xpath, value=//android.widget.TextView[@text=&amp;apos;CHECKOUT&amp;apos;]}]
Capabilities {appium:appActivity: gomechanic.retail.HomeActivity, appium:appPackage: gomechanic.retail, appium:autoGrantPermissions: true, appium:automationName: Appium, appium:connectHardwareKeyboard: true, appium:databaseEnabled: false, appium:desired: {appActivity: gomechanic.retail.HomeActivity, appPackage: gomechanic.retail, autoGrantPermissions: true, automationName: Appium, connectHardwareKeyboard: true, deviceName: Redmi 9A, newCommandTimeout: 3600, noReset: false, platformName: android, platformVersion: 10 QP1A.190711.020, udid: PV4HBUTG5XYXYPMN}, appium:deviceApiLevel: 29, appium:deviceManufacturer: Xiaomi, appium:deviceModel: M2006C3LI, appium:deviceName: PV4HBUTG5XYXYPMN, appium:deviceScreenDensity: 320, appium:deviceScreenSize: 720x1600, appium:deviceUDID: PV4HBUTG5XYXYPMN, appium:javascriptEnabled: true, appium:locationContextEnabled: false, appium:networkConnectionEnabled: true, appium:newCommandTimeout: 3600, appium:noReset: false, appium:pixelRatio: 2, appium:platformVersion: 10, appium:statBarHeight: 55, appium:takesScreenshot: true, appium:udid: PV4HBUTG5XYXYPMN, appium:viewportRect: {height: 1394, left: 0, top: 55, width: 720}, appium:warnings: {}, appium:webStorageEnabled: false, platformName: ANDROID}
Session ID: a70f7808-9ee1-45cc-9c40-473b18e109d1">
      <![CDATA[org.openqa.selenium.NoSuchElementException: An element could not be located on the page using the given search parameters.
For documentation on this error, please visit: https://selenium.dev/exceptions/#no_such_element
Build info: version: '4.6.0', revision: '79f1c02ae20'
System info: os.name: 'Mac OS X', os.arch: 'x86_64', os.version: '13.0.1', java.version: '11.0.16.1'
Driver info: io.appium.java_client.android.AndroidDriver
Command: [a70f7808-9ee1-45cc-9c40-473b18e109d1, findElement {using=xpath, value=//android.widget.TextView[@text='CHECKOUT']}]
Capabilities {appium:appActivity: gomechanic.retail.HomeActivity, appium:appPackage: gomechanic.retail, appium:autoGrantPermissions: true, appium:automationName: Appium, appium:connectHardwareKeyboard: true, appium:databaseEnabled: false, appium:desired: {appActivity: gomechanic.retail.HomeActivity, appPackage: gomechanic.retail, autoGrantPermissions: true, automationName: Appium, connectHardwareKeyboard: true, deviceName: Redmi 9A, newCommandTimeout: 3600, noReset: false, platformName: android, platformVersion: 10 QP1A.190711.020, udid: PV4HBUTG5XYXYPMN}, appium:deviceApiLevel: 29, appium:deviceManufacturer: Xiaomi, appium:deviceModel: M2006C3LI, appium:deviceName: PV4HBUTG5XYXYPMN, appium:deviceScreenDensity: 320, appium:deviceScreenSize: 720x1600, appium:deviceUDID: PV4HBUTG5XYXYPMN, appium:javascriptEnabled: true, appium:locationContextEnabled: false, appium:networkConnectionEnabled: true, appium:newCommandTimeout: 3600, appium:noReset: false, appium:pixelRatio: 2, appium:platformVersion: 10, appium:statBarHeight: 55, appium:takesScreenshot: true, appium:udid: PV4HBUTG5XYXYPMN, appium:viewportRect: {height: 1394, left: 0, top: 55, width: 720}, appium:warnings: {}, appium:webStorageEnabled: false, platformName: ANDROID}
Session ID: a70f7808-9ee1-45cc-9c40-473b18e109d1
at org.openqa.selenium.remote.codec.w3c.W3CHttpResponseCodec.createException(W3CHttpResponseCodec.java:200)
at org.openqa.selenium.remote.codec.w3c.W3CHttpResponseCodec.decode(W3CHttpResponseCodec.java:133)
at org.openqa.selenium.remote.codec.w3c.W3CHttpResponseCodec.decode(W3CHttpResponseCodec.java:53)
at org.openqa.selenium.remote.HttpCommandExecutor.execute(HttpCommandExecutor.java:184)
at io.appium.java_client.remote.AppiumCommandExecutor.execute(AppiumCommandExecutor.java:189)
at org.openqa.selenium.remote.RemoteWebDriver.execute(RemoteWebDriver.java:541)
at org.openqa.selenium.remote.ElementLocation$ElementFinder$2.findElement(ElementLocation.java:162)
at org.openqa.selenium.remote.ElementLocation.findElement(ElementLocation.java:60)
at org.openqa.selenium.remote.RemoteWebDriver.findElement(RemoteWebDriver.java:365)
at org.openqa.selenium.remote.RemoteWebDriver.findElement(RemoteWebDriver.java:357)
at pages.CheckoutWithPeriodicService.selectDateTime(CheckoutWithPeriodicService.java:158)
at java.base/java.util.ArrayList.forEach(ArrayList.java:1541)
... Removed 30 stack frames]]>
    </failure>
  </testcase> <!-- selectDateTime -->
  <testcase classname="pages.BaseClass" name="sampleTest" time="0.0"/>
  <testcase classname="pages.CheckoutWithACService" name="addAcService" time="34.687"/>
  <testcase classname="pages.CheckoutWithACService" name="checkoutwithoutaddon" time="14.197"/>
  <testcase classname="pages.CheckoutWithACService" name="checkout" time="1.364"/>
  <testcase classname="pages.CheckoutWithACService" name="loginWithTrueCaller" time="10.274"/>
  <testcase classname="pages.CheckoutWithACService" name="verifyItemTotal" time="1.796">
    <skipped/>
  </testcase> <!-- verifyItemTotal -->
  <testcase classname="pages.CheckoutWithACService" name="verifyItemTotal" time="13.148"/>
  <testcase classname="pages.CheckoutWithACService" name="applyCouponGoappMoney" time="0.594">
    <skipped/>
  </testcase> <!-- applyCouponGoappMoney -->
  <testcase classname="pages.CheckoutWithACService" name="applyCouponGoappMoney" time="0.488">
    <skipped/>
  </testcase> <!-- applyCouponGoappMoney -->
  <testcase classname="pages.CheckoutWithACService" name="applyCouponGoappMoney" time="0.475">
    <skipped/>
  </testcase> <!-- applyCouponGoappMoney -->
  <testcase classname="pages.CheckoutWithACService" name="applyCouponGoappMoney" time="0.467">
    <skipped/>
  </testcase> <!-- applyCouponGoappMoney -->
  <testcase classname="pages.CheckoutWithACService" name="applyCouponGoappMoney" time="0.466">
    <failure type="org.openqa.selenium.NoSuchElementException" message="An element could not be located on the page using the given search parameters.
For documentation on this error, please visit: https://selenium.dev/exceptions/#no_such_element
Build info: version: &amp;apos;4.6.0&amp;apos;, revision: &amp;apos;79f1c02ae20&amp;apos;
System info: os.name: &amp;apos;Mac OS X&amp;apos;, os.arch: &amp;apos;x86_64&amp;apos;, os.version: &amp;apos;13.0.1&amp;apos;, java.version: &amp;apos;11.0.16.1&amp;apos;
Driver info: io.appium.java_client.android.AndroidDriver
Command: [b4ebf1fa-ef4e-4b7e-84ce-402266292df2, findElement {using=id, value=gomechanic.retail:id/tvCoupon}]
Capabilities {appium:appActivity: gomechanic.retail.HomeActivity, appium:appPackage: gomechanic.retail, appium:autoGrantPermissions: true, appium:automationName: Appium, appium:connectHardwareKeyboard: true, appium:databaseEnabled: false, appium:desired: {appActivity: gomechanic.retail.HomeActivity, appPackage: gomechanic.retail, autoGrantPermissions: true, automationName: Appium, connectHardwareKeyboard: true, deviceName: Redmi 9A, newCommandTimeout: 3600, noReset: false, platformName: android, platformVersion: 10 QP1A.190711.020, udid: PV4HBUTG5XYXYPMN}, appium:deviceApiLevel: 29, appium:deviceManufacturer: Xiaomi, appium:deviceModel: M2006C3LI, appium:deviceName: PV4HBUTG5XYXYPMN, appium:deviceScreenDensity: 320, appium:deviceScreenSize: 720x1600, appium:deviceUDID: PV4HBUTG5XYXYPMN, appium:javascriptEnabled: true, appium:locationContextEnabled: false, appium:networkConnectionEnabled: true, appium:newCommandTimeout: 3600, appium:noReset: false, appium:pixelRatio: 2, appium:platformVersion: 10, appium:statBarHeight: 55, appium:takesScreenshot: true, appium:udid: PV4HBUTG5XYXYPMN, appium:viewportRect: {height: 1394, left: 0, top: 55, width: 720}, appium:warnings: {}, appium:webStorageEnabled: false, platformName: ANDROID}
Session ID: b4ebf1fa-ef4e-4b7e-84ce-402266292df2">
      <![CDATA[org.openqa.selenium.NoSuchElementException: An element could not be located on the page using the given search parameters.
For documentation on this error, please visit: https://selenium.dev/exceptions/#no_such_element
Build info: version: '4.6.0', revision: '79f1c02ae20'
System info: os.name: 'Mac OS X', os.arch: 'x86_64', os.version: '13.0.1', java.version: '11.0.16.1'
Driver info: io.appium.java_client.android.AndroidDriver
Command: [b4ebf1fa-ef4e-4b7e-84ce-402266292df2, findElement {using=id, value=gomechanic.retail:id/tvCoupon}]
Capabilities {appium:appActivity: gomechanic.retail.HomeActivity, appium:appPackage: gomechanic.retail, appium:autoGrantPermissions: true, appium:automationName: Appium, appium:connectHardwareKeyboard: true, appium:databaseEnabled: false, appium:desired: {appActivity: gomechanic.retail.HomeActivity, appPackage: gomechanic.retail, autoGrantPermissions: true, automationName: Appium, connectHardwareKeyboard: true, deviceName: Redmi 9A, newCommandTimeout: 3600, noReset: false, platformName: android, platformVersion: 10 QP1A.190711.020, udid: PV4HBUTG5XYXYPMN}, appium:deviceApiLevel: 29, appium:deviceManufacturer: Xiaomi, appium:deviceModel: M2006C3LI, appium:deviceName: PV4HBUTG5XYXYPMN, appium:deviceScreenDensity: 320, appium:deviceScreenSize: 720x1600, appium:deviceUDID: PV4HBUTG5XYXYPMN, appium:javascriptEnabled: true, appium:locationContextEnabled: false, appium:networkConnectionEnabled: true, appium:newCommandTimeout: 3600, appium:noReset: false, appium:pixelRatio: 2, appium:platformVersion: 10, appium:statBarHeight: 55, appium:takesScreenshot: true, appium:udid: PV4HBUTG5XYXYPMN, appium:viewportRect: {height: 1394, left: 0, top: 55, width: 720}, appium:warnings: {}, appium:webStorageEnabled: false, platformName: ANDROID}
Session ID: b4ebf1fa-ef4e-4b7e-84ce-402266292df2
at org.openqa.selenium.remote.codec.w3c.W3CHttpResponseCodec.createException(W3CHttpResponseCodec.java:200)
at org.openqa.selenium.remote.codec.w3c.W3CHttpResponseCodec.decode(W3CHttpResponseCodec.java:133)
at org.openqa.selenium.remote.codec.w3c.W3CHttpResponseCodec.decode(W3CHttpResponseCodec.java:53)
at org.openqa.selenium.remote.HttpCommandExecutor.execute(HttpCommandExecutor.java:184)
at io.appium.java_client.remote.AppiumCommandExecutor.execute(AppiumCommandExecutor.java:189)
at org.openqa.selenium.remote.RemoteWebDriver.execute(RemoteWebDriver.java:541)
at org.openqa.selenium.remote.ElementLocation$ElementFinder$2.findElement(ElementLocation.java:162)
at org.openqa.selenium.remote.ElementLocation.findElement(ElementLocation.java:60)
at org.openqa.selenium.remote.RemoteWebDriver.findElement(RemoteWebDriver.java:365)
at org.openqa.selenium.remote.RemoteWebDriver.findElement(RemoteWebDriver.java:357)
at pages.CheckoutWithACService.applyCouponGoappMoney(CheckoutWithACService.java:108)
at java.base/java.util.ArrayList.forEach(ArrayList.java:1541)
... Removed 30 stack frames]]>
    </failure>
  </testcase> <!-- applyCouponGoappMoney -->
  <testcase classname="pages.CheckoutWithACService" name="checkoutButton" time="0.885"/>
  <testcase classname="pages.CheckoutWithACService" name="selectDateTime" time="16.967"/>
  <testcase classname="pages.BaseClass" name="sampleTest" time="0.0"/>
  <testcase classname="pages.SelectCarNoLogin" name="clickSelectCarButton" time="26.682"/>
  <testcase classname="pages.SelectCarNoLogin" name="HomePageVeirfy" time="0.456"/>
  <testcase classname="pages.CheckoutWithBattery" name="addBatteryService" time="0.234">
    <skipped/>
  </testcase> <!-- addBatteryService -->
  <testcase classname="pages.CheckoutWithBattery" name="addBatteryService" time="0.227">
    <skipped/>
  </testcase> <!-- addBatteryService -->
  <testcase classname="pages.CheckoutWithBattery" name="addBatteryService" time="0.242">
    <skipped/>
  </testcase> <!-- addBatteryService -->
  <testcase classname="pages.CheckoutWithBattery" name="addBatteryService" time="0.202">
    <skipped/>
  </testcase> <!-- addBatteryService -->
  <testcase classname="pages.CheckoutWithBattery" name="addBatteryService" time="0.211">
    <failure type="org.openqa.selenium.NoSuchElementException" message="An element could not be located on the page using the given search parameters.
For documentation on this error, please visit: https://selenium.dev/exceptions/#no_such_element
Build info: version: &amp;apos;4.6.0&amp;apos;, revision: &amp;apos;79f1c02ae20&amp;apos;
System info: os.name: &amp;apos;Mac OS X&amp;apos;, os.arch: &amp;apos;x86_64&amp;apos;, os.version: &amp;apos;13.0.1&amp;apos;, java.version: &amp;apos;11.0.16.1&amp;apos;
Driver info: io.appium.java_client.android.AndroidDriver
Command: [424c7ac2-74f7-445b-838f-8045e7fc59ad, findElement {using=id, value=gomechanic.retail:id/tvSelectYourCarOBF}]
Capabilities {appium:appActivity: gomechanic.retail.HomeActivity, appium:appPackage: gomechanic.retail, appium:autoGrantPermissions: true, appium:automationName: Appium, appium:connectHardwareKeyboard: true, appium:databaseEnabled: false, appium:desired: {appActivity: gomechanic.retail.HomeActivity, appPackage: gomechanic.retail, autoGrantPermissions: true, automationName: Appium, connectHardwareKeyboard: true, deviceName: Redmi 9A, newCommandTimeout: 3600, noReset: false, platformName: android, platformVersion: 10 QP1A.190711.020, udid: PV4HBUTG5XYXYPMN}, appium:deviceApiLevel: 29, appium:deviceManufacturer: Xiaomi, appium:deviceModel: M2006C3LI, appium:deviceName: PV4HBUTG5XYXYPMN, appium:deviceScreenDensity: 320, appium:deviceScreenSize: 720x1600, appium:deviceUDID: PV4HBUTG5XYXYPMN, appium:javascriptEnabled: true, appium:locationContextEnabled: false, appium:networkConnectionEnabled: true, appium:newCommandTimeout: 3600, appium:noReset: false, appium:pixelRatio: 2, appium:platformVersion: 10, appium:statBarHeight: 55, appium:takesScreenshot: true, appium:udid: PV4HBUTG5XYXYPMN, appium:viewportRect: {height: 1394, left: 0, top: 55, width: 720}, appium:warnings: {}, appium:webStorageEnabled: false, platformName: ANDROID}
Session ID: 424c7ac2-74f7-445b-838f-8045e7fc59ad">
      <![CDATA[org.openqa.selenium.NoSuchElementException: An element could not be located on the page using the given search parameters.
For documentation on this error, please visit: https://selenium.dev/exceptions/#no_such_element
Build info: version: '4.6.0', revision: '79f1c02ae20'
System info: os.name: 'Mac OS X', os.arch: 'x86_64', os.version: '13.0.1', java.version: '11.0.16.1'
Driver info: io.appium.java_client.android.AndroidDriver
Command: [424c7ac2-74f7-445b-838f-8045e7fc59ad, findElement {using=id, value=gomechanic.retail:id/tvSelectYourCarOBF}]
Capabilities {appium:appActivity: gomechanic.retail.HomeActivity, appium:appPackage: gomechanic.retail, appium:autoGrantPermissions: true, appium:automationName: Appium, appium:connectHardwareKeyboard: true, appium:databaseEnabled: false, appium:desired: {appActivity: gomechanic.retail.HomeActivity, appPackage: gomechanic.retail, autoGrantPermissions: true, automationName: Appium, connectHardwareKeyboard: true, deviceName: Redmi 9A, newCommandTimeout: 3600, noReset: false, platformName: android, platformVersion: 10 QP1A.190711.020, udid: PV4HBUTG5XYXYPMN}, appium:deviceApiLevel: 29, appium:deviceManufacturer: Xiaomi, appium:deviceModel: M2006C3LI, appium:deviceName: PV4HBUTG5XYXYPMN, appium:deviceScreenDensity: 320, appium:deviceScreenSize: 720x1600, appium:deviceUDID: PV4HBUTG5XYXYPMN, appium:javascriptEnabled: true, appium:locationContextEnabled: false, appium:networkConnectionEnabled: true, appium:newCommandTimeout: 3600, appium:noReset: false, appium:pixelRatio: 2, appium:platformVersion: 10, appium:statBarHeight: 55, appium:takesScreenshot: true, appium:udid: PV4HBUTG5XYXYPMN, appium:viewportRect: {height: 1394, left: 0, top: 55, width: 720}, appium:warnings: {}, appium:webStorageEnabled: false, platformName: ANDROID}
Session ID: 424c7ac2-74f7-445b-838f-8045e7fc59ad
at org.openqa.selenium.remote.codec.w3c.W3CHttpResponseCodec.createException(W3CHttpResponseCodec.java:200)
at org.openqa.selenium.remote.codec.w3c.W3CHttpResponseCodec.decode(W3CHttpResponseCodec.java:133)
at org.openqa.selenium.remote.codec.w3c.W3CHttpResponseCodec.decode(W3CHttpResponseCodec.java:53)
at org.openqa.selenium.remote.HttpCommandExecutor.execute(HttpCommandExecutor.java:184)
at io.appium.java_client.remote.AppiumCommandExecutor.execute(AppiumCommandExecutor.java:189)
at org.openqa.selenium.remote.RemoteWebDriver.execute(RemoteWebDriver.java:541)
at org.openqa.selenium.remote.ElementLocation$ElementFinder$2.findElement(ElementLocation.java:162)
at org.openqa.selenium.remote.ElementLocation.findElement(ElementLocation.java:60)
at org.openqa.selenium.remote.RemoteWebDriver.findElement(RemoteWebDriver.java:365)
at org.openqa.selenium.remote.RemoteWebDriver.findElement(RemoteWebDriver.java:357)
at pages.SelectCarNoLogin.clickSelectCarButton(SelectCarNoLogin.java:21)
at pages.CheckoutWithBattery.addBatteryService(CheckoutWithBattery.java:20)
at java.base/java.util.ArrayList.forEach(ArrayList.java:1541)
... Removed 30 stack frames]]>
    </failure>
  </testcase> <!-- addBatteryService -->
  <testcase classname="pages.CheckoutWithBattery" name="checkoutwithoutaddon" time="0.201">
    <skipped/>
  </testcase> <!-- checkoutwithoutaddon -->
  <testcase classname="pages.CheckoutWithBattery" name="checkoutwithoutaddon" time="0.181">
    <skipped/>
  </testcase> <!-- checkoutwithoutaddon -->
  <testcase classname="pages.CheckoutWithBattery" name="checkoutwithoutaddon" time="0.165">
    <skipped/>
  </testcase> <!-- checkoutwithoutaddon -->
  <testcase classname="pages.CheckoutWithBattery" name="checkoutwithoutaddon" time="0.19">
    <skipped/>
  </testcase> <!-- checkoutwithoutaddon -->
  <testcase classname="pages.CheckoutWithBattery" name="checkoutwithoutaddon" time="0.164">
    <failure type="org.openqa.selenium.NoSuchElementException" message="An element could not be located on the page using the given search parameters.
For documentation on this error, please visit: https://selenium.dev/exceptions/#no_such_element
Build info: version: &amp;apos;4.6.0&amp;apos;, revision: &amp;apos;79f1c02ae20&amp;apos;
System info: os.name: &amp;apos;Mac OS X&amp;apos;, os.arch: &amp;apos;x86_64&amp;apos;, os.version: &amp;apos;13.0.1&amp;apos;, java.version: &amp;apos;11.0.16.1&amp;apos;
Driver info: io.appium.java_client.android.AndroidDriver
Command: [424c7ac2-74f7-445b-838f-8045e7fc59ad, findElement {using=id, value=gomechanic.retail:id/ivBackSDPF}]
Capabilities {appium:appActivity: gomechanic.retail.HomeActivity, appium:appPackage: gomechanic.retail, appium:autoGrantPermissions: true, appium:automationName: Appium, appium:connectHardwareKeyboard: true, appium:databaseEnabled: false, appium:desired: {appActivity: gomechanic.retail.HomeActivity, appPackage: gomechanic.retail, autoGrantPermissions: true, automationName: Appium, connectHardwareKeyboard: true, deviceName: Redmi 9A, newCommandTimeout: 3600, noReset: false, platformName: android, platformVersion: 10 QP1A.190711.020, udid: PV4HBUTG5XYXYPMN}, appium:deviceApiLevel: 29, appium:deviceManufacturer: Xiaomi, appium:deviceModel: M2006C3LI, appium:deviceName: PV4HBUTG5XYXYPMN, appium:deviceScreenDensity: 320, appium:deviceScreenSize: 720x1600, appium:deviceUDID: PV4HBUTG5XYXYPMN, appium:javascriptEnabled: true, appium:locationContextEnabled: false, appium:networkConnectionEnabled: true, appium:newCommandTimeout: 3600, appium:noReset: false, appium:pixelRatio: 2, appium:platformVersion: 10, appium:statBarHeight: 55, appium:takesScreenshot: true, appium:udid: PV4HBUTG5XYXYPMN, appium:viewportRect: {height: 1394, left: 0, top: 55, width: 720}, appium:warnings: {}, appium:webStorageEnabled: false, platformName: ANDROID}
Session ID: 424c7ac2-74f7-445b-838f-8045e7fc59ad">
      <![CDATA[org.openqa.selenium.NoSuchElementException: An element could not be located on the page using the given search parameters.
For documentation on this error, please visit: https://selenium.dev/exceptions/#no_such_element
Build info: version: '4.6.0', revision: '79f1c02ae20'
System info: os.name: 'Mac OS X', os.arch: 'x86_64', os.version: '13.0.1', java.version: '11.0.16.1'
Driver info: io.appium.java_client.android.AndroidDriver
Command: [424c7ac2-74f7-445b-838f-8045e7fc59ad, findElement {using=id, value=gomechanic.retail:id/ivBackSDPF}]
Capabilities {appium:appActivity: gomechanic.retail.HomeActivity, appium:appPackage: gomechanic.retail, appium:autoGrantPermissions: true, appium:automationName: Appium, appium:connectHardwareKeyboard: true, appium:databaseEnabled: false, appium:desired: {appActivity: gomechanic.retail.HomeActivity, appPackage: gomechanic.retail, autoGrantPermissions: true, automationName: Appium, connectHardwareKeyboard: true, deviceName: Redmi 9A, newCommandTimeout: 3600, noReset: false, platformName: android, platformVersion: 10 QP1A.190711.020, udid: PV4HBUTG5XYXYPMN}, appium:deviceApiLevel: 29, appium:deviceManufacturer: Xiaomi, appium:deviceModel: M2006C3LI, appium:deviceName: PV4HBUTG5XYXYPMN, appium:deviceScreenDensity: 320, appium:deviceScreenSize: 720x1600, appium:deviceUDID: PV4HBUTG5XYXYPMN, appium:javascriptEnabled: true, appium:locationContextEnabled: false, appium:networkConnectionEnabled: true, appium:newCommandTimeout: 3600, appium:noReset: false, appium:pixelRatio: 2, appium:platformVersion: 10, appium:statBarHeight: 55, appium:takesScreenshot: true, appium:udid: PV4HBUTG5XYXYPMN, appium:viewportRect: {height: 1394, left: 0, top: 55, width: 720}, appium:warnings: {}, appium:webStorageEnabled: false, platformName: ANDROID}
Session ID: 424c7ac2-74f7-445b-838f-8045e7fc59ad
at org.openqa.selenium.remote.codec.w3c.W3CHttpResponseCodec.createException(W3CHttpResponseCodec.java:200)
at org.openqa.selenium.remote.codec.w3c.W3CHttpResponseCodec.decode(W3CHttpResponseCodec.java:133)
at org.openqa.selenium.remote.codec.w3c.W3CHttpResponseCodec.decode(W3CHttpResponseCodec.java:53)
at org.openqa.selenium.remote.HttpCommandExecutor.execute(HttpCommandExecutor.java:184)
at io.appium.java_client.remote.AppiumCommandExecutor.execute(AppiumCommandExecutor.java:189)
at org.openqa.selenium.remote.RemoteWebDriver.execute(RemoteWebDriver.java:541)
at org.openqa.selenium.remote.ElementLocation$ElementFinder$2.findElement(ElementLocation.java:162)
at org.openqa.selenium.remote.ElementLocation.findElement(ElementLocation.java:60)
at org.openqa.selenium.remote.RemoteWebDriver.findElement(RemoteWebDriver.java:365)
at org.openqa.selenium.remote.RemoteWebDriver.findElement(RemoteWebDriver.java:357)
at pages.CheckoutWithBattery.checkoutwithoutaddon(CheckoutWithBattery.java:42)
at java.base/java.util.ArrayList.forEach(ArrayList.java:1541)
... Removed 30 stack frames]]>
    </failure>
  </testcase> <!-- checkoutwithoutaddon -->
  <testcase classname="pages.CheckoutWithBattery" name="checkout" time="0.408">
    <skipped/>
  </testcase> <!-- checkout -->
  <testcase classname="pages.CheckoutWithBattery" name="checkout" time="0.416">
    <skipped/>
  </testcase> <!-- checkout -->
  <testcase classname="pages.CheckoutWithBattery" name="checkout" time="0.39">
    <skipped/>
  </testcase> <!-- checkout -->
  <testcase classname="pages.CheckoutWithBattery" name="checkout" time="0.363">
    <skipped/>
  </testcase> <!-- checkout -->
  <testcase classname="pages.CheckoutWithBattery" name="checkout" time="0.366">
    <failure type="org.openqa.selenium.NoSuchElementException" message="An element could not be located on the page using the given search parameters.
For documentation on this error, please visit: https://selenium.dev/exceptions/#no_such_element
Build info: version: &amp;apos;4.6.0&amp;apos;, revision: &amp;apos;79f1c02ae20&amp;apos;
System info: os.name: &amp;apos;Mac OS X&amp;apos;, os.arch: &amp;apos;x86_64&amp;apos;, os.version: &amp;apos;13.0.1&amp;apos;, java.version: &amp;apos;11.0.16.1&amp;apos;
Driver info: io.appium.java_client.android.AndroidDriver
Command: [424c7ac2-74f7-445b-838f-8045e7fc59ad, findElement {using=xpath, value=//android.widget.TextView[@text=&amp;apos;Proceed to Checkout&amp;apos;]}]
Capabilities {appium:appActivity: gomechanic.retail.HomeActivity, appium:appPackage: gomechanic.retail, appium:autoGrantPermissions: true, appium:automationName: Appium, appium:connectHardwareKeyboard: true, appium:databaseEnabled: false, appium:desired: {appActivity: gomechanic.retail.HomeActivity, appPackage: gomechanic.retail, autoGrantPermissions: true, automationName: Appium, connectHardwareKeyboard: true, deviceName: Redmi 9A, newCommandTimeout: 3600, noReset: false, platformName: android, platformVersion: 10 QP1A.190711.020, udid: PV4HBUTG5XYXYPMN}, appium:deviceApiLevel: 29, appium:deviceManufacturer: Xiaomi, appium:deviceModel: M2006C3LI, appium:deviceName: PV4HBUTG5XYXYPMN, appium:deviceScreenDensity: 320, appium:deviceScreenSize: 720x1600, appium:deviceUDID: PV4HBUTG5XYXYPMN, appium:javascriptEnabled: true, appium:locationContextEnabled: false, appium:networkConnectionEnabled: true, appium:newCommandTimeout: 3600, appium:noReset: false, appium:pixelRatio: 2, appium:platformVersion: 10, appium:statBarHeight: 55, appium:takesScreenshot: true, appium:udid: PV4HBUTG5XYXYPMN, appium:viewportRect: {height: 1394, left: 0, top: 55, width: 720}, appium:warnings: {}, appium:webStorageEnabled: false, platformName: ANDROID}
Session ID: 424c7ac2-74f7-445b-838f-8045e7fc59ad">
      <![CDATA[org.openqa.selenium.NoSuchElementException: An element could not be located on the page using the given search parameters.
For documentation on this error, please visit: https://selenium.dev/exceptions/#no_such_element
Build info: version: '4.6.0', revision: '79f1c02ae20'
System info: os.name: 'Mac OS X', os.arch: 'x86_64', os.version: '13.0.1', java.version: '11.0.16.1'
Driver info: io.appium.java_client.android.AndroidDriver
Command: [424c7ac2-74f7-445b-838f-8045e7fc59ad, findElement {using=xpath, value=//android.widget.TextView[@text='Proceed to Checkout']}]
Capabilities {appium:appActivity: gomechanic.retail.HomeActivity, appium:appPackage: gomechanic.retail, appium:autoGrantPermissions: true, appium:automationName: Appium, appium:connectHardwareKeyboard: true, appium:databaseEnabled: false, appium:desired: {appActivity: gomechanic.retail.HomeActivity, appPackage: gomechanic.retail, autoGrantPermissions: true, automationName: Appium, connectHardwareKeyboard: true, deviceName: Redmi 9A, newCommandTimeout: 3600, noReset: false, platformName: android, platformVersion: 10 QP1A.190711.020, udid: PV4HBUTG5XYXYPMN}, appium:deviceApiLevel: 29, appium:deviceManufacturer: Xiaomi, appium:deviceModel: M2006C3LI, appium:deviceName: PV4HBUTG5XYXYPMN, appium:deviceScreenDensity: 320, appium:deviceScreenSize: 720x1600, appium:deviceUDID: PV4HBUTG5XYXYPMN, appium:javascriptEnabled: true, appium:locationContextEnabled: false, appium:networkConnectionEnabled: true, appium:newCommandTimeout: 3600, appium:noReset: false, appium:pixelRatio: 2, appium:platformVersion: 10, appium:statBarHeight: 55, appium:takesScreenshot: true, appium:udid: PV4HBUTG5XYXYPMN, appium:viewportRect: {height: 1394, left: 0, top: 55, width: 720}, appium:warnings: {}, appium:webStorageEnabled: false, platformName: ANDROID}
Session ID: 424c7ac2-74f7-445b-838f-8045e7fc59ad
at org.openqa.selenium.remote.codec.w3c.W3CHttpResponseCodec.createException(W3CHttpResponseCodec.java:200)
at org.openqa.selenium.remote.codec.w3c.W3CHttpResponseCodec.decode(W3CHttpResponseCodec.java:133)
at org.openqa.selenium.remote.codec.w3c.W3CHttpResponseCodec.decode(W3CHttpResponseCodec.java:53)
at org.openqa.selenium.remote.HttpCommandExecutor.execute(HttpCommandExecutor.java:184)
at io.appium.java_client.remote.AppiumCommandExecutor.execute(AppiumCommandExecutor.java:189)
at org.openqa.selenium.remote.RemoteWebDriver.execute(RemoteWebDriver.java:541)
at org.openqa.selenium.remote.ElementLocation$ElementFinder$2.findElement(ElementLocation.java:162)
at org.openqa.selenium.remote.ElementLocation.findElement(ElementLocation.java:60)
at org.openqa.selenium.remote.RemoteWebDriver.findElement(RemoteWebDriver.java:365)
at org.openqa.selenium.remote.RemoteWebDriver.findElement(RemoteWebDriver.java:357)
at pages.CheckoutWithBattery.checkout(CheckoutWithBattery.java:66)
at java.base/java.util.ArrayList.forEach(ArrayList.java:1541)
... Removed 30 stack frames]]>
    </failure>
  </testcase> <!-- checkout -->
  <testcase classname="pages.CheckoutWithBattery" name="loginWithTrueCaller" time="5.571">
    <skipped/>
  </testcase> <!-- loginWithTrueCaller -->
  <testcase classname="pages.CheckoutWithBattery" name="loginWithTrueCaller" time="5.539">
    <skipped/>
  </testcase> <!-- loginWithTrueCaller -->
  <testcase classname="pages.CheckoutWithBattery" name="loginWithTrueCaller" time="5.518">
    <skipped/>
  </testcase> <!-- loginWithTrueCaller -->
  <testcase classname="pages.CheckoutWithBattery" name="loginWithTrueCaller" time="5.474">
    <skipped/>
  </testcase> <!-- loginWithTrueCaller -->
  <testcase classname="pages.CheckoutWithBattery" name="loginWithTrueCaller" time="5.467">
    <failure type="org.openqa.selenium.NoSuchElementException" message="An element could not be located on the page using the given search parameters.
For documentation on this error, please visit: https://selenium.dev/exceptions/#no_such_element
Build info: version: &amp;apos;4.6.0&amp;apos;, revision: &amp;apos;79f1c02ae20&amp;apos;
System info: os.name: &amp;apos;Mac OS X&amp;apos;, os.arch: &amp;apos;x86_64&amp;apos;, os.version: &amp;apos;13.0.1&amp;apos;, java.version: &amp;apos;11.0.16.1&amp;apos;
Driver info: io.appium.java_client.android.AndroidDriver
Command: [424c7ac2-74f7-445b-838f-8045e7fc59ad, findElement {using=xpath, value=//android.widget.TextView[@text=&amp;apos;CONTINUE WITH 8800906221&amp;apos;]}]
Capabilities {appium:appActivity: gomechanic.retail.HomeActivity, appium:appPackage: gomechanic.retail, appium:autoGrantPermissions: true, appium:automationName: Appium, appium:connectHardwareKeyboard: true, appium:databaseEnabled: false, appium:desired: {appActivity: gomechanic.retail.HomeActivity, appPackage: gomechanic.retail, autoGrantPermissions: true, automationName: Appium, connectHardwareKeyboard: true, deviceName: Redmi 9A, newCommandTimeout: 3600, noReset: false, platformName: android, platformVersion: 10 QP1A.190711.020, udid: PV4HBUTG5XYXYPMN}, appium:deviceApiLevel: 29, appium:deviceManufacturer: Xiaomi, appium:deviceModel: M2006C3LI, appium:deviceName: PV4HBUTG5XYXYPMN, appium:deviceScreenDensity: 320, appium:deviceScreenSize: 720x1600, appium:deviceUDID: PV4HBUTG5XYXYPMN, appium:javascriptEnabled: true, appium:locationContextEnabled: false, appium:networkConnectionEnabled: true, appium:newCommandTimeout: 3600, appium:noReset: false, appium:pixelRatio: 2, appium:platformVersion: 10, appium:statBarHeight: 55, appium:takesScreenshot: true, appium:udid: PV4HBUTG5XYXYPMN, appium:viewportRect: {height: 1394, left: 0, top: 55, width: 720}, appium:warnings: {}, appium:webStorageEnabled: false, platformName: ANDROID}
Session ID: 424c7ac2-74f7-445b-838f-8045e7fc59ad">
      <![CDATA[org.openqa.selenium.NoSuchElementException: An element could not be located on the page using the given search parameters.
For documentation on this error, please visit: https://selenium.dev/exceptions/#no_such_element
Build info: version: '4.6.0', revision: '79f1c02ae20'
System info: os.name: 'Mac OS X', os.arch: 'x86_64', os.version: '13.0.1', java.version: '11.0.16.1'
Driver info: io.appium.java_client.android.AndroidDriver
Command: [424c7ac2-74f7-445b-838f-8045e7fc59ad, findElement {using=xpath, value=//android.widget.TextView[@text='CONTINUE WITH 8800906221']}]
Capabilities {appium:appActivity: gomechanic.retail.HomeActivity, appium:appPackage: gomechanic.retail, appium:autoGrantPermissions: true, appium:automationName: Appium, appium:connectHardwareKeyboard: true, appium:databaseEnabled: false, appium:desired: {appActivity: gomechanic.retail.HomeActivity, appPackage: gomechanic.retail, autoGrantPermissions: true, automationName: Appium, connectHardwareKeyboard: true, deviceName: Redmi 9A, newCommandTimeout: 3600, noReset: false, platformName: android, platformVersion: 10 QP1A.190711.020, udid: PV4HBUTG5XYXYPMN}, appium:deviceApiLevel: 29, appium:deviceManufacturer: Xiaomi, appium:deviceModel: M2006C3LI, appium:deviceName: PV4HBUTG5XYXYPMN, appium:deviceScreenDensity: 320, appium:deviceScreenSize: 720x1600, appium:deviceUDID: PV4HBUTG5XYXYPMN, appium:javascriptEnabled: true, appium:locationContextEnabled: false, appium:networkConnectionEnabled: true, appium:newCommandTimeout: 3600, appium:noReset: false, appium:pixelRatio: 2, appium:platformVersion: 10, appium:statBarHeight: 55, appium:takesScreenshot: true, appium:udid: PV4HBUTG5XYXYPMN, appium:viewportRect: {height: 1394, left: 0, top: 55, width: 720}, appium:warnings: {}, appium:webStorageEnabled: false, platformName: ANDROID}
Session ID: 424c7ac2-74f7-445b-838f-8045e7fc59ad
at org.openqa.selenium.remote.codec.w3c.W3CHttpResponseCodec.createException(W3CHttpResponseCodec.java:200)
at org.openqa.selenium.remote.codec.w3c.W3CHttpResponseCodec.decode(W3CHttpResponseCodec.java:133)
at org.openqa.selenium.remote.codec.w3c.W3CHttpResponseCodec.decode(W3CHttpResponseCodec.java:53)
at org.openqa.selenium.remote.HttpCommandExecutor.execute(HttpCommandExecutor.java:184)
at io.appium.java_client.remote.AppiumCommandExecutor.execute(AppiumCommandExecutor.java:189)
at org.openqa.selenium.remote.RemoteWebDriver.execute(RemoteWebDriver.java:541)
at org.openqa.selenium.remote.ElementLocation$ElementFinder$2.findElement(ElementLocation.java:162)
at org.openqa.selenium.remote.ElementLocation.findElement(ElementLocation.java:60)
at org.openqa.selenium.remote.RemoteWebDriver.findElement(RemoteWebDriver.java:365)
at org.openqa.selenium.remote.RemoteWebDriver.findElement(RemoteWebDriver.java:357)
at pages.CheckoutWithBattery.loginWithTrueCaller(CheckoutWithBattery.java:81)
at java.base/java.util.ArrayList.forEach(ArrayList.java:1541)
... Removed 30 stack frames]]>
    </failure>
  </testcase> <!-- loginWithTrueCaller -->
  <testcase classname="pages.CheckoutWithBattery" name="verifyItemTotal" time="0.265">
    <skipped/>
  </testcase> <!-- verifyItemTotal -->
  <testcase classname="pages.CheckoutWithBattery" name="verifyItemTotal" time="0.26">
    <skipped/>
  </testcase> <!-- verifyItemTotal -->
  <testcase classname="pages.CheckoutWithBattery" name="verifyItemTotal" time="0.247">
    <skipped/>
  </testcase> <!-- verifyItemTotal -->
  <testcase classname="pages.CheckoutWithBattery" name="verifyItemTotal" time="0.355">
    <skipped/>
  </testcase> <!-- verifyItemTotal -->
  <testcase classname="pages.CheckoutWithBattery" name="verifyItemTotal" time="0.227">
    <failure type="org.openqa.selenium.NoSuchElementException" message="An element could not be located on the page using the given search parameters.
For documentation on this error, please visit: https://selenium.dev/exceptions/#no_such_element
Build info: version: &amp;apos;4.6.0&amp;apos;, revision: &amp;apos;79f1c02ae20&amp;apos;
System info: os.name: &amp;apos;Mac OS X&amp;apos;, os.arch: &amp;apos;x86_64&amp;apos;, os.version: &amp;apos;13.0.1&amp;apos;, java.version: &amp;apos;11.0.16.1&amp;apos;
Driver info: io.appium.java_client.android.AndroidDriver
Command: [424c7ac2-74f7-445b-838f-8045e7fc59ad, findElement {using=id, value=gomechanic.retail:id/tvTotalCartAmountCF}]
Capabilities {appium:appActivity: gomechanic.retail.HomeActivity, appium:appPackage: gomechanic.retail, appium:autoGrantPermissions: true, appium:automationName: Appium, appium:connectHardwareKeyboard: true, appium:databaseEnabled: false, appium:desired: {appActivity: gomechanic.retail.HomeActivity, appPackage: gomechanic.retail, autoGrantPermissions: true, automationName: Appium, connectHardwareKeyboard: true, deviceName: Redmi 9A, newCommandTimeout: 3600, noReset: false, platformName: android, platformVersion: 10 QP1A.190711.020, udid: PV4HBUTG5XYXYPMN}, appium:deviceApiLevel: 29, appium:deviceManufacturer: Xiaomi, appium:deviceModel: M2006C3LI, appium:deviceName: PV4HBUTG5XYXYPMN, appium:deviceScreenDensity: 320, appium:deviceScreenSize: 720x1600, appium:deviceUDID: PV4HBUTG5XYXYPMN, appium:javascriptEnabled: true, appium:locationContextEnabled: false, appium:networkConnectionEnabled: true, appium:newCommandTimeout: 3600, appium:noReset: false, appium:pixelRatio: 2, appium:platformVersion: 10, appium:statBarHeight: 55, appium:takesScreenshot: true, appium:udid: PV4HBUTG5XYXYPMN, appium:viewportRect: {height: 1394, left: 0, top: 55, width: 720}, appium:warnings: {}, appium:webStorageEnabled: false, platformName: ANDROID}
Session ID: 424c7ac2-74f7-445b-838f-8045e7fc59ad">
      <![CDATA[org.openqa.selenium.NoSuchElementException: An element could not be located on the page using the given search parameters.
For documentation on this error, please visit: https://selenium.dev/exceptions/#no_such_element
Build info: version: '4.6.0', revision: '79f1c02ae20'
System info: os.name: 'Mac OS X', os.arch: 'x86_64', os.version: '13.0.1', java.version: '11.0.16.1'
Driver info: io.appium.java_client.android.AndroidDriver
Command: [424c7ac2-74f7-445b-838f-8045e7fc59ad, findElement {using=id, value=gomechanic.retail:id/tvTotalCartAmountCF}]
[...]
Session ID: 6d93326b-872f-4c65-8da1-2f1f8f58b503">
      <![CDATA[org.openqa.selenium.NoSuchElementException: An element could not be located on the page using the given search parameters.
For documentation on this error, please visit: https://selenium.dev/exceptions/#no_such_element
Build info: version: '4.6.0', revision: '79f1c02ae20'
System info: os.name: 'Mac OS X', os.arch: 'x86_64', os.version: '13.0.1', java.version: '11.0.16.1'
Driver info: io.appium.java_client.android.AndroidDriver
Command: [6d93326b-872f-4c65-8da1-2f1f8f58b503, findElement {using=xpath, value=//android.widget.TextView[@text='CONTINUE WITH 8800906221']}]
Capabilities {appium:appActivity: gomechanic.retail.HomeActivity, appium:appPackage: gomechanic.retail, appium:autoGrantPermissions: true, appium:automationName: Appium, appium:connectHardwareKeyboard: true, appium:databaseEnabled: false, appium:desired: {appActivity: gomechanic.retail.HomeActivity, appPackage: gomechanic.retail, autoGrantPermissions: true, automationName: Appium, connectHardwareKeyboard: true, deviceName: Redmi 9A, newCommandTimeout: 3600, noReset: false, platformName: android, platformVersion: 10 QP1A.190711.020, udid: PV4HBUTG5XYXYPMN}, appium:deviceApiLevel: 29, appium:deviceManufacturer: Xiaomi, appium:deviceModel: M2006C3LI, appium:deviceName: PV4HBUTG5XYXYPMN, appium:deviceScreenDensity: 320, appium:deviceScreenSize: 720x1600, appium:deviceUDID: PV4HBUTG5XYXYPMN, appium:javascriptEnabled: true, appium:locationContextEnabled: false, appium:networkConnectionEnabled: true, appium:newCommandTimeout: 3600, appium:noReset: false, appium:pixelRatio: 2, appium:platformVersion: 10, appium:statBarHeight: 55, appium:takesScreenshot: true, appium:udid: PV4HBUTG5XYXYPMN, appium:viewportRect: {height: 1394, left: 0, top: 55, width: 720}, appium:warnings: {}, appium:webStorageEnabled: false, platformName: ANDROID}
Session ID: 6d93326b-872f-4c65-8da1-2f1f8f58b503
at org.openqa.selenium.remote.codec.w3c.W3CHttpResponseCodec.createException(W3CHttpResponseCodec.java:200)
at org.openqa.selenium.remote.codec.w3c.W3CHttpResponseCodec.decode(W3CHttpResponseCodec.java:133)
at org.openqa.selenium.remote.codec.w3c.W3CHttpResponseCodec.decode(W3CHttpResponseCodec.java:53)
at org.openqa.selenium.remote.HttpCommandExecutor.execute(HttpCommandExecutor.java:184)
at io.appium.java_client.remote.AppiumCommandExecutor.execute(AppiumCommandExecutor.java:189)
at org.openqa.selenium.remote.RemoteWebDriver.execute(RemoteWebDriver.java:541)
at org.openqa.selenium.remote.ElementLocation$ElementFinder$2.findElement(ElementLocation.java:162)
at org.openqa.selenium.remote.ElementLocation.findElement(ElementLocation.java:60)
at org.openqa.selenium.remote.RemoteWebDriver.findElement(RemoteWebDriver.java:365)
at org.openqa.selenium.remote.RemoteWebDriver.findElement(RemoteWebDriver.java:357)
at pages.CheckoutWithTyre.loginWithTrueCaller(CheckoutWithTyre.java:82)
at java.base/java.util.ArrayList.forEach(ArrayList.java:1541)
... Removed 30 stack frames]]>
    </failure>
  </testcase> <!-- loginWithTrueCaller -->
  <testcase classname="pages.CheckoutWithTyre" name="verifyItemTotal" time="0.46">
    <skipped/>
  </testcase> <!-- verifyItemTotal -->
  <testcase classname="pages.CheckoutWithTyre" name="verifyItemTotal" time="0.428">
    <skipped/>
  </testcase> <!-- verifyItemTotal -->
  <testcase classname="pages.CheckoutWithTyre" name="verifyItemTotal" time="0.419">
    <skipped/>
  </testcase> <!-- verifyItemTotal -->
  <testcase classname="pages.CheckoutWithTyre" name="verifyItemTotal" time="0.407">
    <skipped/>
  </testcase> <!-- verifyItemTotal -->
  <testcase classname="pages.CheckoutWithTyre" name="verifyItemTotal" time="0.44">
    <failure type="org.openqa.selenium.NoSuchElementException" message="An element could not be located on the page using the given search parameters.
For documentation on this error, please visit: https://selenium.dev/exceptions/#no_such_element
Build info: version: &amp;apos;4.6.0&amp;apos;, revision: &amp;apos;79f1c02ae20&amp;apos;
System info: os.name: &amp;apos;Mac OS X&amp;apos;, os.arch: &amp;apos;x86_64&amp;apos;, os.version: &amp;apos;13.0.1&amp;apos;, java.version: &amp;apos;11.0.16.1&amp;apos;
Driver info: io.appium.java_client.android.AndroidDriver
Command: [6d93326b-872f-4c65-8da1-2f1f8f58b503, findElement {using=id, value=gomechanic.retail:id/tvTotalCartAmountCF}]
Capabilities {appium:appActivity: gomechanic.retail.HomeActivity, appium:appPackage: gomechanic.retail, appium:autoGrantPermissions: true, appium:automationName: Appium, appium:connectHardwareKeyboard: true, appium:databaseEnabled: false, appium:desired: {appActivity: gomechanic.retail.HomeActivity, appPackage: gomechanic.retail, autoGrantPermissions: true, automationName: Appium, connectHardwareKeyboard: true, deviceName: Redmi 9A, newCommandTimeout: 3600, noReset: false, platformName: android, platformVersion: 10 QP1A.190711.020, udid: PV4HBUTG5XYXYPMN}, appium:deviceApiLevel: 29, appium:deviceManufacturer: Xiaomi, appium:deviceModel: M2006C3LI, appium:deviceName: PV4HBUTG5XYXYPMN, appium:deviceScreenDensity: 320, appium:deviceScreenSize: 720x1600, appium:deviceUDID: PV4HBUTG5XYXYPMN, appium:javascriptEnabled: true, appium:locationContextEnabled: false, appium:networkConnectionEnabled: true, appium:newCommandTimeout: 3600, appium:noReset: false, appium:pixelRatio: 2, appium:platformVersion: 10, appium:statBarHeight: 55, appium:takesScreenshot: true, appium:udid: PV4HBUTG5XYXYPMN, appium:viewportRect: {height: 1394, left: 0, top: 55, width: 720}, appium:warnings: {}, appium:webStorageEnabled: false, platformName: ANDROID}
Session ID: 6d93326b-872f-4c65-8da1-2f1f8f58b503">
      <![CDATA[org.openqa.selenium.NoSuchElementException: An element could not be located on the page using the given search parameters.
For documentation on this error, please visit: https://selenium.dev/exceptions/#no_such_element
Build info: version: '4.6.0', revision: '79f1c02ae20'
System info: os.name: 'Mac OS X', os.arch: 'x86_64', os.version: '13.0.1', java.version: '11.0.16.1'
Driver info: io.appium.java_client.android.AndroidDriver
Command: [6d93326b-872f-4c65-8da1-2f1f8f58b503, findElement {using=id, value=gomechanic.retail:id/tvTotalCartAmountCF}]
Capabilities {appium:appActivity: gomechanic.retail.HomeActivity, appium:appPackage: gomechanic.retail, appium:autoGrantPermissions: true, appium:automationName: Appium, appium:connectHardwareKeyboard: true, appium:databaseEnabled: false, appium:desired: {appActivity: gomechanic.retail.HomeActivity, appPackage: gomechanic.retail, autoGrantPermissions: true, automationName: Appium, connectHardwareKeyboard: true, deviceName: Redmi 9A, newCommandTimeout: 3600, noReset: false, platformName: android, platformVersion: 10 QP1A.190711.020, udid: PV4HBUTG5XYXYPMN}, appium:deviceApiLevel: 29, appium:deviceManufacturer: Xiaomi, appium:deviceModel: M2006C3LI, appium:deviceName: PV4HBUTG5XYXYPMN, appium:deviceScreenDensity: 320, appium:deviceScreenSize: 720x1600, appium:deviceUDID: PV4HBUTG5XYXYPMN, appium:javascriptEnabled: true, appium:locationContextEnabled: false, appium:networkConnectionEnabled: true, appium:newCommandTimeout: 3600, appium:noReset: false, appium:pixelRatio: 2, appium:platformVersion: 10, appium:statBarHeight: 55, appium:takesScreenshot: true, appium:udid: PV4HBUTG5XYXYPMN, appium:viewportRect: {height: 1394, left: 0, top: 55, width: 720}, appium:warnings: {}, appium:webStorageEnabled: false, platformName: ANDROID}
Session ID: 6d93326b-872f-4c65-8da1-2f1f8f58b503
at org.openqa.selenium.remote.codec.w3c.W3CHttpResponseCodec.createException(W3CHttpResponseCodec.java:200)
at org.openqa.selenium.remote.codec.w3c.W3CHttpResponseCodec.decode(W3CHttpResponseCodec.java:133)
at org.openqa.selenium.remote.codec.w3c.W3CHttpResponseCodec.decode(W3CHttpResponseCodec.java:53)
at org.openqa.selenium.remote.HttpCommandExecutor.execute(HttpCommandExecutor.java:184)
at io.appium.java_client.remote.AppiumCommandExecutor.execute(AppiumCommandExecutor.java:189)
at org.openqa.selenium.remote.RemoteWebDriver.execute(RemoteWebDriver.java:541)
at org.openqa.selenium.remote.ElementLocation$ElementFinder$2.findElement(ElementLocation.java:162)
at org.openqa.selenium.remote.ElementLocation.findElement(ElementLocation.java:60)
at org.openqa.selenium.remote.RemoteWebDriver.findElement(RemoteWebDriver.java:365)
at org.openqa.selenium.remote.RemoteWebDriver.findElement(RemoteWebDriver.java:357)
at pages.CheckoutWithTyre.verifyItemTotal(CheckoutWithTyre.java:95)
at java.base/java.util.ArrayList.forEach(ArrayList.java:1541)
... Removed 30 stack frames]]>
    </failure>
  </testcase> <!-- verifyItemTotal -->
  <testcase classname="pages.CheckoutWithTyre" name="checkoutButton" time="0.611">
    <skipped/>
  </testcase> <!-- checkoutButton -->
  <testcase classname="pages.CheckoutWithTyre" name="checkoutButton" time="0.575">
    <skipped/>
  </testcase> <!-- checkoutButton -->
  <testcase classname="pages.CheckoutWithTyre" name="checkoutButton" time="0.593">
    <skipped/>
  </testcase> <!-- checkoutButton -->
  <testcase classname="pages.CheckoutWithTyre" name="checkoutButton" time="0.581">
    <skipped/>
  </testcase> <!-- checkoutButton -->
  <testcase classname="pages.CheckoutWithTyre" name="checkoutButton" time="0.676">
    <failure type="org.openqa.selenium.NoSuchElementException" message="An element could not be located on the page using the given search parameters.
For documentation on this error, please visit: https://selenium.dev/exceptions/#no_such_element
Build info: version: &amp;apos;4.6.0&amp;apos;, revision: &amp;apos;79f1c02ae20&amp;apos;
System info: os.name: &amp;apos;Mac OS X&amp;apos;, os.arch: &amp;apos;x86_64&amp;apos;, os.version: &amp;apos;13.0.1&amp;apos;, java.version: &amp;apos;11.0.16.1&amp;apos;
Driver info: io.appium.java_client.android.AndroidDriver
Command: [6d93326b-872f-4c65-8da1-2f1f8f58b503, findElement {using=xpath, value=//android.widget.TextView[@text=&amp;apos;CHECKOUT&amp;apos;]}]
Capabilities {appium:appActivity: gomechanic.retail.HomeActivity, appium:appPackage: gomechanic.retail, appium:autoGrantPermissions: true, appium:automationName: Appium, appium:connectHardwareKeyboard: true, appium:databaseEnabled: false, appium:desired: {appActivity: gomechanic.retail.HomeActivity, appPackage: gomechanic.retail, autoGrantPermissions: true, automationName: Appium, connectHardwareKeyboard: true, deviceName: Redmi 9A, newCommandTimeout: 3600, noReset: false, platformName: android, platformVersion: 10 QP1A.190711.020, udid: PV4HBUTG5XYXYPMN}, appium:deviceApiLevel: 29, appium:deviceManufacturer: Xiaomi, appium:deviceModel: M2006C3LI, appium:deviceName: PV4HBUTG5XYXYPMN, appium:deviceScreenDensity: 320, appium:deviceScreenSize: 720x1600, appium:deviceUDID: PV4HBUTG5XYXYPMN, appium:javascriptEnabled: true, appium:locationContextEnabled: false, appium:networkConnectionEnabled: true, appium:newCommandTimeout: 3600, appium:noReset: false, appium:pixelRatio: 2, appium:platformVersion: 10, appium:statBarHeight: 55, appium:takesScreenshot: true, appium:udid: PV4HBUTG5XYXYPMN, appium:viewportRect: {height: 1394, left: 0, top: 55, width: 720}, appium:warnings: {}, appium:webStorageEnabled: false, platformName: ANDROID}
Session ID: 6d93326b-872f-4c65-8da1-2f1f8f58b503">
      <![CDATA[org.openqa.selenium.NoSuchElementException: An element could not be located on the page using the given search parameters.
For documentation on this error, please visit: https://selenium.dev/exceptions/#no_such_element
Build info: version: '4.6.0', revision: '79f1c02ae20'
System info: os.name: 'Mac OS X', os.arch: 'x86_64', os.version: '13.0.1', java.version: '11.0.16.1'
Driver info: io.appium.java_client.android.AndroidDriver
Command: [6d93326b-872f-4c65-8da1-2f1f8f58b503, findElement {using=xpath, value=//android.widget.TextView[@text='CHECKOUT']}]
Capabilities {appium:appActivity: gomechanic.retail.HomeActivity, appium:appPackage: gomechanic.retail, appium:autoGrantPermissions: true, appium:automationName: Appium, appium:connectHardwareKeyboard: true, appium:databaseEnabled: false, appium:desired: {appActivity: gomechanic.retail.HomeActivity, appPackage: gomechanic.retail, autoGrantPermissions: true, automationName: Appium, connectHardwareKeyboard: true, deviceName: Redmi 9A, newCommandTimeout: 3600, noReset: false, platformName: android, platformVersion: 10 QP1A.190711.020, udid: PV4HBUTG5XYXYPMN}, appium:deviceApiLevel: 29, appium:deviceManufacturer: Xiaomi, appium:deviceModel: M2006C3LI, appium:deviceName: PV4HBUTG5XYXYPMN, appium:deviceScreenDensity: 320, appium:deviceScreenSize: 720x1600, appium:deviceUDID: PV4HBUTG5XYXYPMN, appium:javascriptEnabled: true, appium:locationContextEnabled: false, appium:networkConnectionEnabled: true, appium:newCommandTimeout: 3600, appium:noReset: false, appium:pixelRatio: 2, appium:platformVersion: 10, appium:statBarHeight: 55, appium:takesScreenshot: true, appium:udid: PV4HBUTG5XYXYPMN, appium:viewportRect: {height: 1394, left: 0, top: 55, width: 720}, appium:warnings: {}, appium:webStorageEnabled: false, platformName: ANDROID}
Session ID: 6d93326b-872f-4c65-8da1-2f1f8f58b503
at org.openqa.selenium.remote.codec.w3c.W3CHttpResponseCodec.createException(W3CHttpResponseCodec.java:200)
at org.openqa.selenium.remote.codec.w3c.W3CHttpResponseCodec.decode(W3CHttpResponseCodec.java:133)
at org.openqa.selenium.remote.codec.w3c.W3CHttpResponseCodec.decode(W3CHttpResponseCodec.java:53)
at org.openqa.selenium.remote.HttpCommandExecutor.execute(HttpCommandExecutor.java:184)
at io.appium.java_client.remote.AppiumCommandExecutor.execute(AppiumCommandExecutor.java:189)
at org.openqa.selenium.remote.RemoteWebDriver.execute(RemoteWebDriver.java:541)
at org.openqa.selenium.remote.ElementLocation$ElementFinder$2.findElement(ElementLocation.java:162)
at org.openqa.selenium.remote.ElementLocation.findElement(ElementLocation.java:60)
at org.openqa.selenium.remote.RemoteWebDriver.findElement(RemoteWebDriver.java:365)
at org.openqa.selenium.remote.RemoteWebDriver.findElement(RemoteWebDriver.java:357)
at pages.CheckoutWithTyre.checkoutButton(CheckoutWithTyre.java:142)
at java.base/java.util.ArrayList.forEach(ArrayList.java:1541)
... Removed 30 stack frames]]>
    </failure>
  </testcase> <!-- checkoutButton -->
  <testcase classname="pages.CheckoutWithTyre" name="selectDateTime" time="0.612">
    <skipped/>
  </testcase> <!-- selectDateTime -->
  <testcase classname="pages.CheckoutWithTyre" name="selectDateTime" time="0.661">
    <skipped/>
  </testcase> <!-- selectDateTime -->
  <testcase classname="pages.CheckoutWithTyre" name="selectDateTime" time="0.574">
    <skipped/>
  </testcase> <!-- selectDateTime -->
  <testcase classname="pages.CheckoutWithTyre" name="selectDateTime" time="0.649">
    <skipped/>
  </testcase> <!-- selectDateTime -->
  <testcase classname="pages.CheckoutWithTyre" name="selectDateTime" time="0.574">
    <failure type="org.openqa.selenium.NoSuchElementException" message="An element could not be located on the page using the given search parameters.
For documentation on this error, please visit: https://selenium.dev/exceptions/#no_such_element
Build info: version: &amp;apos;4.6.0&amp;apos;, revision: &amp;apos;79f1c02ae20&amp;apos;
System info: os.name: &amp;apos;Mac OS X&amp;apos;, os.arch: &amp;apos;x86_64&amp;apos;, os.version: &amp;apos;13.0.1&amp;apos;, java.version: &amp;apos;11.0.16.1&amp;apos;
Driver info: io.appium.java_client.android.AndroidDriver
Command: [6d93326b-872f-4c65-8da1-2f1f8f58b503, findElement {using=xpath, value=//android.widget.TextView[@text=&amp;apos;CHECKOUT&amp;apos;]}]
Capabilities {appium:appActivity: gomechanic.retail.HomeActivity, appium:appPackage: gomechanic.retail, appium:autoGrantPermissions: true, appium:automationName: Appium, appium:connectHardwareKeyboard: true, appium:databaseEnabled: false, appium:desired: {appActivity: gomechanic.retail.HomeActivity, appPackage: gomechanic.retail, autoGrantPermissions: true, automationName: Appium, connectHardwareKeyboard: true, deviceName: Redmi 9A, newCommandTimeout: 3600, noReset: false, platformName: android, platformVersion: 10 QP1A.190711.020, udid: PV4HBUTG5XYXYPMN}, appium:deviceApiLevel: 29, appium:deviceManufacturer: Xiaomi, appium:deviceModel: M2006C3LI, appium:deviceName: PV4HBUTG5XYXYPMN, appium:deviceScreenDensity: 320, appium:deviceScreenSize: 720x1600, appium:deviceUDID: PV4HBUTG5XYXYPMN, appium:javascriptEnabled: true, appium:locationContextEnabled: false, appium:networkConnectionEnabled: true, appium:newCommandTimeout: 3600, appium:noReset: false, appium:pixelRatio: 2, appium:platformVersion: 10, appium:statBarHeight: 55, appium:takesScreenshot: true, appium:udid: PV4HBUTG5XYXYPMN, appium:viewportRect: {height: 1394, left: 0, top: 55, width: 720}, appium:warnings: {}, appium:webStorageEnabled: false, platformName: ANDROID}
Session ID: 6d93326b-872f-4c65-8da1-2f1f8f58b503">
      <![CDATA[org.openqa.selenium.NoSuchElementException: An element could not be located on the page using the given search parameters.
For documentation on this error, please visit: https://selenium.dev/exceptions/#no_such_element
Build info: version: '4.6.0', revision: '79f1c02ae20'
System info: os.name: 'Mac OS X', os.arch: 'x86_64', os.version: '13.0.1', java.version: '11.0.16.1'
Driver info: io.appium.java_client.android.AndroidDriver
Command: [6d93326b-872f-4c65-8da1-2f1f8f58b503, findElement {using=xpath, value=//android.widget.TextView[@text='CHECKOUT']}]
Capabilities {appium:appActivity: gomechanic.retail.HomeActivity, appium:appPackage: gomechanic.retail, appium:autoGrantPermissions: true, appium:automationName: Appium, appium:connectHardwareKeyboard: true, appium:databaseEnabled: false, appium:desired: {appActivity: gomechanic.retail.HomeActivity, appPackage: gomechanic.retail, autoGrantPermissions: true, automationName: Appium, connectHardwareKeyboard: true, deviceName: Redmi 9A, newCommandTimeout: 3600, noReset: false, platformName: android, platformVersion: 10 QP1A.190711.020, udid: PV4HBUTG5XYXYPMN}, appium:deviceApiLevel: 29, appium:deviceManufacturer: Xiaomi, appium:deviceModel: M2006C3LI, appium:deviceName: PV4HBUTG5XYXYPMN, appium:deviceScreenDensity: 320, appium:deviceScreenSize: 720x1600, appium:deviceUDID: PV4HBUTG5XYXYPMN, appium:javascriptEnabled: true, appium:locationContextEnabled: false, appium:networkConnectionEnabled: true, appium:newCommandTimeout: 3600, appium:noReset: false, appium:pixelRatio: 2, appium:platformVersion: 10, appium:statBarHeight: 55, appium:takesScreenshot: true, appium:udid: PV4HBUTG5XYXYPMN, appium:viewportRect: {height: 1394, left: 0, top: 55, width: 720}, appium:warnings: {}, appium:webStorageEnabled: false, platformName: ANDROID}
Session ID: 6d93326b-872f-4c65-8da1-2f1f8f58b503
at org.openqa.selenium.remote.codec.w3c.W3CHttpResponseCodec.createException(W3CHttpResponseCodec.java:200)
at org.openqa.selenium.remote.codec.w3c.W3CHttpResponseCodec.decode(W3CHttpResponseCodec.java:133)
at org.openqa.selenium.remote.codec.w3c.W3CHttpResponseCodec.decode(W3CHttpResponseCodec.java:53)
at org.openqa.selenium.remote.HttpCommandExecutor.execute(HttpCommandExecutor.java:184)
at io.appium.java_client.remote.AppiumCommandExecutor.execute(AppiumCommandExecutor.java:189)
at org.openqa.selenium.remote.RemoteWebDriver.execute(RemoteWebDriver.java:541)
at org.openqa.selenium.remote.ElementLocation$ElementFinder$2.findElement(ElementLocation.java:162)
at org.openqa.selenium.remote.ElementLocation.findElement(ElementLocation.java:60)
at org.openqa.selenium.remote.RemoteWebDriver.findElement(RemoteWebDriver.java:365)
at org.openqa.selenium.remote.RemoteWebDriver.findElement(RemoteWebDriver.java:357)
at pages.CheckoutWithTyre.selectDateTime(CheckoutWithTyre.java:150)
at java.base/java.util.ArrayList.forEach(ArrayList.java:1541)
... Removed 30 stack frames]]>
    </failure>
  </testcase> <!-- selectDateTime -->
</testsuite> <!-- AppOrdering -->
